host: sc092
Building DAG of jobs...
Using shell: /usr/bin/bash
Provided remote nodes: 1
Select jobs to execute...
Execute 1 jobs...

[Mon Nov  3 13:49:59 2025]
rule RenameInputTrioVCF:
    input: /scratch/acchapm1/sn9-detect/demo/input_variants/demo_variants.vcf
    output: pipeline/input_variants/input_trio.renamed.vcf
    jobid: 0
    reason: Forced execution
    resources: mem_mb=8000, mem_mib=7630, disk_mb=1000, disk_mib=954, tmpdir=<TBD>, cpus=1, runtime=15, slurm_partition=htc
Shell command: python /scratch/acchapm1/sn9-detect/DETECT/scripts/rename_samples.py /scratch/acchapm1/sn9-detect/demo/input_variants/demo_variants.vcf  "dad,mom,junior" > pipeline/input_variants/input_trio.renamed.vcf && gatk IndexFeatureFile -I pipeline/input_variants/input_trio.renamed.vcf
host: sc092
Building DAG of jobs...
Using shell: /usr/bin/bash
Provided cores: 1 (use --cores to define parallelism)
Rules claiming more threads will be scaled down.
Select jobs to execute...
Execute 1 jobs...

[Mon Nov  3 13:50:03 2025]
localrule RenameInputTrioVCF:
    input: /scratch/acchapm1/sn9-detect/demo/input_variants/demo_variants.vcf
    output: pipeline/input_variants/input_trio.renamed.vcf
    jobid: 0
    reason: Forced execution
    resources: mem_mb=8000, mem_mib=7630, disk_mb=1000, disk_mib=954, tmpdir=/tmp, cpus=1, runtime=15, slurm_partition=htc
Shell command: python /scratch/acchapm1/sn9-detect/DETECT/scripts/rename_samples.py /scratch/acchapm1/sn9-detect/demo/input_variants/demo_variants.vcf  "dad,mom,junior" > pipeline/input_variants/input_trio.renamed.vcf && gatk IndexFeatureFile -I pipeline/input_variants/input_trio.renamed.vcf
Using GATK jar /home/acchapm1/.conda/envs/sn9detect/share/gatk4-4.6.2.0-0/gatk-package-4.6.2.0-local.jar
Running:
    java -Dsamjdk.use_async_io_read_samtools=false -Dsamjdk.use_async_io_write_samtools=true -Dsamjdk.use_async_io_write_tribble=false -Dsamjdk.compression_level=2 -jar /home/acchapm1/.conda/envs/sn9detect/share/gatk4-4.6.2.0-0/gatk-package-4.6.2.0-local.jar IndexFeatureFile -I pipeline/input_variants/input_trio.renamed.vcf
13:50:06.743 INFO  NativeLibraryLoader - Loading libgkl_compression.so from jar:file:/home/acchapm1/.conda/envs/sn9detect/share/gatk4-4.6.2.0-0/gatk-package-4.6.2.0-local.jar!/com/intel/gkl/native/libgkl_compression.so
13:50:07.070 INFO  IndexFeatureFile - ------------------------------------------------------------
13:50:07.073 INFO  IndexFeatureFile - The Genome Analysis Toolkit (GATK) v4.6.2.0
13:50:07.073 INFO  IndexFeatureFile - For support and documentation go to https://software.broadinstitute.org/gatk/
13:50:07.073 INFO  IndexFeatureFile - Executing as acchapm1@sc092 on Linux v4.18.0-553.77.1.el8_10.x86_64 amd64
13:50:07.073 INFO  IndexFeatureFile - Java runtime: OpenJDK 64-Bit Server VM v17.0.15-internal+0-adhoc..src
13:50:07.073 INFO  IndexFeatureFile - Start Date/Time: November 3, 2025 at 1:50:06 PM MST
13:50:07.074 INFO  IndexFeatureFile - ------------------------------------------------------------
13:50:07.074 INFO  IndexFeatureFile - ------------------------------------------------------------
13:50:07.074 INFO  IndexFeatureFile - HTSJDK Version: 4.2.0
13:50:07.074 INFO  IndexFeatureFile - Picard Version: 3.4.0
13:50:07.074 INFO  IndexFeatureFile - Built for Spark Version: 3.5.0
13:50:07.077 INFO  IndexFeatureFile - HTSJDK Defaults.COMPRESSION_LEVEL : 2
13:50:07.077 INFO  IndexFeatureFile - HTSJDK Defaults.USE_ASYNC_IO_READ_FOR_SAMTOOLS : false
13:50:07.077 INFO  IndexFeatureFile - HTSJDK Defaults.USE_ASYNC_IO_WRITE_FOR_SAMTOOLS : true
13:50:07.077 INFO  IndexFeatureFile - HTSJDK Defaults.USE_ASYNC_IO_WRITE_FOR_TRIBBLE : false
13:50:07.077 INFO  IndexFeatureFile - Deflater: IntelDeflater
13:50:07.077 INFO  IndexFeatureFile - Inflater: IntelInflater
13:50:07.078 INFO  IndexFeatureFile - GCS max retries/reopens: 20
13:50:07.078 INFO  IndexFeatureFile - Requester pays: disabled
13:50:07.078 INFO  IndexFeatureFile - Initializing engine
13:50:07.078 INFO  IndexFeatureFile - Done initializing engine
13:50:07.244 INFO  FeatureManager - Using codec VCFCodec to read file file:///scratch/acchapm1/sn9-detect/work/pipeline/input_variants/input_trio.renamed.vcf
13:50:07.253 INFO  ProgressMeter - Starting traversal
13:50:07.253 INFO  ProgressMeter -        Current Locus  Elapsed Minutes     Records Processed   Records/Minute
13:50:07.628 INFO  ProgressMeter -        test_5:999929              0.0                 10000        1612903.2
13:50:07.628 INFO  ProgressMeter - Traversal complete. Processed 10000 total records in 0.0 minutes.
Tool returned:
/scratch/acchapm1/sn9-detect/work/pipeline/input_variants/input_trio.renamed.vcf.idx
13:50:07.710 INFO  IndexFeatureFile - Successfully wrote index to /scratch/acchapm1/sn9-detect/work/pipeline/input_variants/input_trio.renamed.vcf.idx
13:50:07.710 INFO  IndexFeatureFile - Shutting down engine
[November 3, 2025 at 1:50:07 PM MST] org.broadinstitute.hellbender.tools.IndexFeatureFile done. Elapsed time: 0.02 minutes.
Runtime.totalMemory()=127795200
[Mon Nov  3 13:50:08 2025]
Finished jobid: 0 (Rule: RenameInputTrioVCF)
1 of 1 steps (100%) done
Storing output in storage.
[Mon Nov  3 13:50:08 2025]
Finished jobid: 0 (Rule: RenameInputTrioVCF)
1 of 1 steps (100%) done
Storing output in storage.
