host: sc092
Building DAG of jobs...
Using shell: /usr/bin/bash
Provided remote nodes: 1
Select jobs to execute...
Execute 1 jobs...

[Mon Nov  3 13:56:54 2025]
rule MutateGoldenBam:
    input: pipeline/reads/child_1.golden.bam, pipeline/mutations/input_mutations.1.phased.reformatted.vcf
    output: pipeline/reads/child_1.golden.mutated.bam
    jobid: 0
    reason: Forced execution
    wildcards: iter=1
    resources: mem_mb=8000, mem_mib=7630, disk_mb=1000, disk_mib=954, tmpdir=<TBD>, cpus=1, runtime=5760, slurm_partition=public
Shell command: jvarkit biostar404363 		-p pipeline/mutations/input_mutations.1.phased.reformatted.vcf 		-o pipeline/reads/child_1.golden.mutated.bam 		pipeline/reads/child_1.golden.bam
host: sc092
Building DAG of jobs...
Using shell: /usr/bin/bash
Provided cores: 1 (use --cores to define parallelism)
Rules claiming more threads will be scaled down.
Select jobs to execute...
Execute 1 jobs...

[Mon Nov  3 13:56:57 2025]
localrule MutateGoldenBam:
    input: pipeline/reads/child_1.golden.bam, pipeline/mutations/input_mutations.1.phased.reformatted.vcf
    output: pipeline/reads/child_1.golden.mutated.bam
    jobid: 0
    reason: Forced execution
    wildcards: iter=1
    resources: mem_mb=8000, mem_mib=7630, disk_mb=1000, disk_mib=954, tmpdir=/tmp, cpus=1, runtime=5760, slurm_partition=public
Shell command: jvarkit biostar404363 		-p pipeline/mutations/input_mutations.1.phased.reformatted.vcf 		-o pipeline/reads/child_1.golden.mutated.bam 		pipeline/reads/child_1.golden.bam
[Mon Nov  3 13:57:26 2025]
Finished jobid: 0 (Rule: MutateGoldenBam)
1 of 1 steps (100%) done
Storing output in storage.
[Mon Nov  3 13:57:27 2025]
Finished jobid: 0 (Rule: MutateGoldenBam)
1 of 1 steps (100%) done
Storing output in storage.
