host: sc029
Building DAG of jobs...
Using shell: /usr/bin/bash
Provided remote nodes: 1
Select jobs to execute...
Execute 1 jobs...

[Mon Nov  3 14:17:14 2025]
rule MergeMVVCFs:
    input: pipeline/MV/trio.test_1.MV.1.vcf, pipeline/MV/trio.test_2.MV.1.vcf, pipeline/MV/trio.test_3.MV.1.vcf, pipeline/MV/trio.test_4.MV.1.vcf, pipeline/MV/trio.test_5.MV.1.vcf
    output: pipeline/MV/trio.all_chr.MV.1.vcf
    jobid: 0
    reason: Forced execution
    wildcards: iter=1
    resources: mem_mb=8000, mem_mib=7630, disk_mb=1000, disk_mib=954, tmpdir=<TBD>, cpus=1, runtime=15, slurm_partition=htc
Shell command: gatk MergeVcfs -I pipeline/MV/trio.test_1.MV.1.vcf -I pipeline/MV/trio.test_2.MV.1.vcf -I pipeline/MV/trio.test_3.MV.1.vcf -I pipeline/MV/trio.test_4.MV.1.vcf -I pipeline/MV/trio.test_5.MV.1.vcf -O pipeline/MV/trio.all_chr.MV.1.vcf
host: sc029
Building DAG of jobs...
Using shell: /usr/bin/bash
Provided cores: 1 (use --cores to define parallelism)
Rules claiming more threads will be scaled down.
Select jobs to execute...
Execute 1 jobs...

[Mon Nov  3 14:17:17 2025]
localrule MergeMVVCFs:
    input: pipeline/MV/trio.test_1.MV.1.vcf, pipeline/MV/trio.test_2.MV.1.vcf, pipeline/MV/trio.test_3.MV.1.vcf, pipeline/MV/trio.test_4.MV.1.vcf, pipeline/MV/trio.test_5.MV.1.vcf
    output: pipeline/MV/trio.all_chr.MV.1.vcf
    jobid: 0
    reason: Forced execution
    wildcards: iter=1
    resources: mem_mb=8000, mem_mib=7630, disk_mb=1000, disk_mib=954, tmpdir=/tmp, cpus=1, runtime=15, slurm_partition=htc
Shell command: gatk MergeVcfs -I pipeline/MV/trio.test_1.MV.1.vcf -I pipeline/MV/trio.test_2.MV.1.vcf -I pipeline/MV/trio.test_3.MV.1.vcf -I pipeline/MV/trio.test_4.MV.1.vcf -I pipeline/MV/trio.test_5.MV.1.vcf -O pipeline/MV/trio.all_chr.MV.1.vcf
Using GATK jar /home/acchapm1/.conda/envs/sn9detect/share/gatk4-4.6.2.0-0/gatk-package-4.6.2.0-local.jar
Running:
    java -Dsamjdk.use_async_io_read_samtools=false -Dsamjdk.use_async_io_write_samtools=true -Dsamjdk.use_async_io_write_tribble=false -Dsamjdk.compression_level=2 -jar /home/acchapm1/.conda/envs/sn9detect/share/gatk4-4.6.2.0-0/gatk-package-4.6.2.0-local.jar MergeVcfs -I pipeline/MV/trio.test_1.MV.1.vcf -I pipeline/MV/trio.test_2.MV.1.vcf -I pipeline/MV/trio.test_3.MV.1.vcf -I pipeline/MV/trio.test_4.MV.1.vcf -I pipeline/MV/trio.test_5.MV.1.vcf -O pipeline/MV/trio.all_chr.MV.1.vcf
14:17:20.108 INFO  NativeLibraryLoader - Loading libgkl_compression.so from jar:file:/home/acchapm1/.conda/envs/sn9detect/share/gatk4-4.6.2.0-0/gatk-package-4.6.2.0-local.jar!/com/intel/gkl/native/libgkl_compression.so
[Mon Nov 03 14:17:20 MST 2025] MergeVcfs --INPUT pipeline/MV/trio.test_1.MV.1.vcf --INPUT pipeline/MV/trio.test_2.MV.1.vcf --INPUT pipeline/MV/trio.test_3.MV.1.vcf --INPUT pipeline/MV/trio.test_4.MV.1.vcf --INPUT pipeline/MV/trio.test_5.MV.1.vcf --OUTPUT pipeline/MV/trio.all_chr.MV.1.vcf --VERBOSITY INFO --QUIET false --VALIDATION_STRINGENCY STRICT --COMPRESSION_LEVEL 2 --MAX_RECORDS_IN_RAM 500000 --CREATE_INDEX true --CREATE_MD5_FILE false --help false --version false --showHidden false --USE_JDK_DEFLATER false --USE_JDK_INFLATER false
[Mon Nov 03 14:17:20 MST 2025] Executing as acchapm1@sc029 on Linux 4.18.0-553.77.1.el8_10.x86_64 amd64; OpenJDK 64-Bit Server VM 17.0.15-internal+0-adhoc..src; Deflater: Intel; Inflater: Intel; Provider GCS is available; Picard version: Version:4.6.2.0
Tool returned:
0
[Mon Nov 03 14:17:21 MST 2025] picard.vcf.MergeVcfs done. Elapsed time: 0.02 minutes.
Runtime.totalMemory()=127795200
[Mon Nov  3 14:17:21 2025]
Finished jobid: 0 (Rule: MergeMVVCFs)
1 of 1 steps (100%) done
Storing output in storage.
[Mon Nov  3 14:17:21 2025]
Finished jobid: 0 (Rule: MergeMVVCFs)
1 of 1 steps (100%) done
Storing output in storage.
