host: sc009
Building DAG of jobs...
Using shell: /usr/bin/bash
Provided remote nodes: 1
Select jobs to execute...
Execute 1 jobs...

[Mon Nov  3 13:54:52 2025]
rule SamToFastq:
    input: pipeline/reads/parent_1_1.golden.bam
    output: pipeline/reads/parent_1_1.R1.fq, pipeline/reads/parent_1_1.R2.fq
    jobid: 0
    reason: Forced execution
    wildcards: indiv=parent_1, iter=1
    resources: mem_mb=8000, mem_mib=7630, disk_mb=1000, disk_mib=954, tmpdir=<TBD>, cpus=1, runtime=60, slurm_partition=htc
Shell command: gatk SamToFastq 		-I pipeline/reads/parent_1_1.golden.bam 		-F pipeline/reads/parent_1_1.R1.fq 		-F2 pipeline/reads/parent_1_1.R2.fq
host: sc009
Building DAG of jobs...
Using shell: /usr/bin/bash
Provided cores: 1 (use --cores to define parallelism)
Rules claiming more threads will be scaled down.
Select jobs to execute...
Execute 1 jobs...

[Mon Nov  3 13:54:57 2025]
localrule SamToFastq:
    input: pipeline/reads/parent_1_1.golden.bam
    output: pipeline/reads/parent_1_1.R1.fq, pipeline/reads/parent_1_1.R2.fq
    jobid: 0
    reason: Forced execution
    wildcards: indiv=parent_1, iter=1
    resources: mem_mb=8000, mem_mib=7630, disk_mb=1000, disk_mib=954, tmpdir=/tmp, cpus=1, runtime=60, slurm_partition=htc
Shell command: gatk SamToFastq 		-I pipeline/reads/parent_1_1.golden.bam 		-F pipeline/reads/parent_1_1.R1.fq 		-F2 pipeline/reads/parent_1_1.R2.fq
Using GATK jar /home/acchapm1/.conda/envs/sn9detect/share/gatk4-4.6.2.0-0/gatk-package-4.6.2.0-local.jar
Running:
    java -Dsamjdk.use_async_io_read_samtools=false -Dsamjdk.use_async_io_write_samtools=true -Dsamjdk.use_async_io_write_tribble=false -Dsamjdk.compression_level=2 -jar /home/acchapm1/.conda/envs/sn9detect/share/gatk4-4.6.2.0-0/gatk-package-4.6.2.0-local.jar SamToFastq -I pipeline/reads/parent_1_1.golden.bam -F pipeline/reads/parent_1_1.R1.fq -F2 pipeline/reads/parent_1_1.R2.fq
13:55:00.210 INFO  NativeLibraryLoader - Loading libgkl_compression.so from jar:file:/home/acchapm1/.conda/envs/sn9detect/share/gatk4-4.6.2.0-0/gatk-package-4.6.2.0-local.jar!/com/intel/gkl/native/libgkl_compression.so
[Mon Nov 03 13:55:00 MST 2025] SamToFastq --INPUT pipeline/reads/parent_1_1.golden.bam --FASTQ pipeline/reads/parent_1_1.R1.fq --SECOND_END_FASTQ pipeline/reads/parent_1_1.R2.fq --OUTPUT_PER_RG false --COMPRESS_OUTPUTS_PER_RG false --RG_TAG PU --RE_REVERSE true --INTERLEAVE false --INCLUDE_NON_PF_READS false --CLIPPING_MIN_LENGTH 0 --READ1_TRIM 0 --READ2_TRIM 0 --INCLUDE_NON_PRIMARY_ALIGNMENTS false --VERBOSITY INFO --QUIET false --VALIDATION_STRINGENCY STRICT --COMPRESSION_LEVEL 2 --MAX_RECORDS_IN_RAM 500000 --CREATE_INDEX false --CREATE_MD5_FILE false --help false --version false --showHidden false --USE_JDK_DEFLATER false --USE_JDK_INFLATER false
[Mon Nov 03 13:55:00 MST 2025] Executing as acchapm1@sc009 on Linux 4.18.0-553.77.1.el8_10.x86_64 amd64; OpenJDK 64-Bit Server VM 17.0.15-internal+0-adhoc..src; Deflater: Intel; Inflater: Intel; Provider GCS is available; Picard version: Version:4.6.2.0
Tool returned:
0
[Mon Nov 03 13:55:04 MST 2025] picard.sam.SamToFastq done. Elapsed time: 0.06 minutes.
Runtime.totalMemory()=127795200
[Mon Nov  3 13:55:04 2025]
Finished jobid: 0 (Rule: SamToFastq)
1 of 1 steps (100%) done
Storing output in storage.
[Mon Nov  3 13:55:04 2025]
Finished jobid: 0 (Rule: SamToFastq)
1 of 1 steps (100%) done
Storing output in storage.
