host: sc029
Building DAG of jobs...
Using shell: /usr/bin/bash
Provided remote nodes: 1
Select jobs to execute...
Execute 1 jobs...

[Mon Nov  3 14:18:27 2025]
rule get_muts_table:
    input: pipeline/MV/trio.all_chr.MV.mutations.1.vcf
    output: pipeline/MV/trio.all_chr.MV.mutations.1.table
    jobid: 0
    reason: Forced execution
    wildcards: iter=1
    resources: mem_mb=8000, mem_mib=7630, disk_mb=1000, disk_mib=954, tmpdir=<TBD>, cpus=1, runtime=15, slurm_partition=htc
Shell command: gatk VariantsToTable 		-V pipeline/MV/trio.all_chr.MV.mutations.1.vcf 		-F CHROM -F POS 		-F QUAL -F BaseQRankSum -F MQRankSum 		-F ReadPosRankSum -F SOR -F FS -F QD 		-GF AD -GF DP -GF GQ 		-O pipeline/MV/trio.all_chr.MV.mutations.1.table
host: sc029
Building DAG of jobs...
Using shell: /usr/bin/bash
Provided cores: 1 (use --cores to define parallelism)
Rules claiming more threads will be scaled down.
Select jobs to execute...
Execute 1 jobs...

[Mon Nov  3 14:18:35 2025]
localrule get_muts_table:
    input: pipeline/MV/trio.all_chr.MV.mutations.1.vcf
    output: pipeline/MV/trio.all_chr.MV.mutations.1.table
    jobid: 0
    reason: Forced execution
    wildcards: iter=1
    resources: mem_mb=8000, mem_mib=7630, disk_mb=1000, disk_mib=954, tmpdir=/tmp, cpus=1, runtime=15, slurm_partition=htc
Shell command: gatk VariantsToTable 		-V pipeline/MV/trio.all_chr.MV.mutations.1.vcf 		-F CHROM -F POS 		-F QUAL -F BaseQRankSum -F MQRankSum 		-F ReadPosRankSum -F SOR -F FS -F QD 		-GF AD -GF DP -GF GQ 		-O pipeline/MV/trio.all_chr.MV.mutations.1.table
Using GATK jar /home/acchapm1/.conda/envs/sn9detect/share/gatk4-4.6.2.0-0/gatk-package-4.6.2.0-local.jar
Running:
    java -Dsamjdk.use_async_io_read_samtools=false -Dsamjdk.use_async_io_write_samtools=true -Dsamjdk.use_async_io_write_tribble=false -Dsamjdk.compression_level=2 -jar /home/acchapm1/.conda/envs/sn9detect/share/gatk4-4.6.2.0-0/gatk-package-4.6.2.0-local.jar VariantsToTable -V pipeline/MV/trio.all_chr.MV.mutations.1.vcf -F CHROM -F POS -F QUAL -F BaseQRankSum -F MQRankSum -F ReadPosRankSum -F SOR -F FS -F QD -GF AD -GF DP -GF GQ -O pipeline/MV/trio.all_chr.MV.mutations.1.table
14:18:37.905 INFO  NativeLibraryLoader - Loading libgkl_compression.so from jar:file:/home/acchapm1/.conda/envs/sn9detect/share/gatk4-4.6.2.0-0/gatk-package-4.6.2.0-local.jar!/com/intel/gkl/native/libgkl_compression.so
14:18:38.154 INFO  VariantsToTable - ------------------------------------------------------------
14:18:38.161 INFO  VariantsToTable - The Genome Analysis Toolkit (GATK) v4.6.2.0
14:18:38.161 INFO  VariantsToTable - For support and documentation go to https://software.broadinstitute.org/gatk/
14:18:38.161 INFO  VariantsToTable - Executing as acchapm1@sc029 on Linux v4.18.0-553.77.1.el8_10.x86_64 amd64
14:18:38.161 INFO  VariantsToTable - Java runtime: OpenJDK 64-Bit Server VM v17.0.15-internal+0-adhoc..src
14:18:38.161 INFO  VariantsToTable - Start Date/Time: November 3, 2025 at 2:18:37 PM MST
14:18:38.161 INFO  VariantsToTable - ------------------------------------------------------------
14:18:38.162 INFO  VariantsToTable - ------------------------------------------------------------
14:18:38.162 INFO  VariantsToTable - HTSJDK Version: 4.2.0
14:18:38.162 INFO  VariantsToTable - Picard Version: 3.4.0
14:18:38.162 INFO  VariantsToTable - Built for Spark Version: 3.5.0
14:18:38.165 INFO  VariantsToTable - HTSJDK Defaults.COMPRESSION_LEVEL : 2
14:18:38.165 INFO  VariantsToTable - HTSJDK Defaults.USE_ASYNC_IO_READ_FOR_SAMTOOLS : false
14:18:38.165 INFO  VariantsToTable - HTSJDK Defaults.USE_ASYNC_IO_WRITE_FOR_SAMTOOLS : true
14:18:38.165 INFO  VariantsToTable - HTSJDK Defaults.USE_ASYNC_IO_WRITE_FOR_TRIBBLE : false
14:18:38.165 INFO  VariantsToTable - Deflater: IntelDeflater
14:18:38.165 INFO  VariantsToTable - Inflater: IntelInflater
14:18:38.166 INFO  VariantsToTable - GCS max retries/reopens: 20
14:18:38.166 INFO  VariantsToTable - Requester pays: disabled
14:18:38.166 INFO  VariantsToTable - Initializing engine
14:18:38.346 INFO  FeatureManager - Using codec VCFCodec to read file file:///scratch/acchapm1/sn9-detect/work/pipeline/MV/trio.all_chr.MV.mutations.1.vcf
14:18:38.434 INFO  VariantsToTable - Done initializing engine
14:18:38.463 WARN  VariantsToTable - Allele-specific fields will only be split if splitting multi-allelic variants is specified (`--split-multi-allelic` or `-SMA`
14:18:38.463 INFO  ProgressMeter - Starting traversal
14:18:38.463 INFO  ProgressMeter -        Current Locus  Elapsed Minutes    Variants Processed  Variants/Minute
14:18:38.498 INFO  ProgressMeter -             unmapped              0.0                    16          28235.3
14:18:38.498 INFO  ProgressMeter - Traversal complete. Processed 16 total variants in 0.0 minutes.
14:18:38.498 INFO  VariantsToTable - Shutting down engine
[November 3, 2025 at 2:18:38 PM MST] org.broadinstitute.hellbender.tools.walkers.variantutils.VariantsToTable done. Elapsed time: 0.01 minutes.
Runtime.totalMemory()=127795200
[Mon Nov  3 14:18:38 2025]
Finished jobid: 0 (Rule: get_muts_table)
1 of 1 steps (100%) done
Storing output in storage.
[Mon Nov  3 14:18:38 2025]
Finished jobid: 0 (Rule: get_muts_table)
1 of 1 steps (100%) done
Storing output in storage.
