host: sc064
Building DAG of jobs...
Using shell: /usr/bin/bash
Provided remote nodes: 1
Select jobs to execute...
Execute 1 jobs...

[Mon Nov  3 13:53:39 2025]
rule SimulateReads:
    input: pipeline/ref/parent_2.1.fa
    output: pipeline/reads/parent_2_3_1_1.golden.R1.fq, pipeline/reads/parent_2_3_1_1.golden.R2.fq, pipeline/reads/parent_2_3_1_1.golden.bam
    jobid: 0
    reason: Forced execution
    wildcards: indiv=parent_2, sim=3, iter=1, genome=1
    resources: mem_mb=64000, mem_mib=61036, disk_mb=1000, disk_mib=954, tmpdir=<TBD>, cpus=12, runtime=240, slurm_partition=htc
Shell command: mason_simulator 		--read-name-prefix "simulated_parent_2_3_1_1" 		--seed $RANDOM --num-threads 12 		-ir pipeline/ref/parent_2.1.fa 		--fragment-mean-size 300 		--fragment-size-std-dev 30 		--illumina-read-length 100 		-n 31250 		-o pipeline/reads/parent_2_3_1_1.golden.R1.fq 		-or pipeline/reads/parent_2_3_1_1.golden.R2.fq 		-oa pipeline/reads/parent_2_3_1_1.golden.bam
host: sc064
Building DAG of jobs...
Using shell: /usr/bin/bash
Provided cores: 1 (use --cores to define parallelism)
Rules claiming more threads will be scaled down.
Select jobs to execute...
Execute 1 jobs...

[Mon Nov  3 13:53:41 2025]
localrule SimulateReads:
    input: pipeline/ref/parent_2.1.fa
    output: pipeline/reads/parent_2_3_1_1.golden.R1.fq, pipeline/reads/parent_2_3_1_1.golden.R2.fq, pipeline/reads/parent_2_3_1_1.golden.bam
    jobid: 0
    reason: Forced execution
    wildcards: indiv=parent_2, sim=3, iter=1, genome=1
    resources: mem_mb=64000, mem_mib=61036, disk_mb=1000, disk_mib=954, tmpdir=/tmp, cpus=12, runtime=240, slurm_partition=htc
Shell command: mason_simulator 		--read-name-prefix "simulated_parent_2_3_1_1" 		--seed $RANDOM --num-threads 12 		-ir pipeline/ref/parent_2.1.fa 		--fragment-mean-size 300 		--fragment-size-std-dev 30 		--illumina-read-length 100 		-n 31250 		-o pipeline/reads/parent_2_3_1_1.golden.R1.fq 		-or pipeline/reads/parent_2_3_1_1.golden.R2.fq 		-oa pipeline/reads/parent_2_3_1_1.golden.bam
MASON SIMULATOR
===============

____INITIALIZING______________________________________________________________

Opening reference and variants file ... OK
Initializing fragment-to-contig distribution ... OK
Initializing simulation threads ... OK
Opening output file pipeline/reads/parent_2_3_1_1.golden.R1.fq ... OK
Opening output file pipeline/reads/parent_2_3_1_1.golden.R2.fq ... OK
Opening output file pipeline/reads/parent_2_3_1_1.golden.bam... OK

____READ SIMULATION___________________________________________________________

Distributing fragments to 5 contigs (1 haplotypes each) ... OK

Simulating Reads:
  test_1 (allele 1) ............ (6398 fragments) OK
  test_2 (allele 1) ............ (6228 fragments) OK
  test_3 (allele 1) ............ (6225 fragments) OK
  test_4 (allele 1) ............ (6208 fragments) OK
  test_5 (allele 1) ............ (6191 fragments) OK
  Done simulating reads.

Joining temporary files ... OK
[Mon Nov  3 13:53:44 2025]
Finished jobid: 0 (Rule: SimulateReads)
1 of 1 steps (100%) done
Storing output in storage.
[Mon Nov  3 13:53:44 2025]
Finished jobid: 0 (Rule: SimulateReads)
1 of 1 steps (100%) done
Storing output in storage.
