host: sc009
Building DAG of jobs...
Using shell: /usr/bin/bash
Provided remote nodes: 1
Select jobs to execute...
Execute 1 jobs...

[Mon Nov  3 13:52:04 2025]
rule MergeFastas:
    input: pipeline/ref/parent_1.test_1.1.fa, pipeline/ref/parent_1.test_2.1.fa, pipeline/ref/parent_1.test_3.1.fa, pipeline/ref/parent_1.test_4.1.fa, pipeline/ref/parent_1.test_5.1.fa
    output: pipeline/ref/parent_1.1.fa
    jobid: 0
    reason: Forced execution
    wildcards: indiv=parent_1, genome=1
    resources: mem_mb=8000, mem_mib=7630, disk_mb=1000, disk_mib=954, tmpdir=<TBD>, cpus=1, runtime=15, slurm_partition=htc
Shell command: cat pipeline/ref/parent_1.test_1.1.fa pipeline/ref/parent_1.test_2.1.fa pipeline/ref/parent_1.test_3.1.fa pipeline/ref/parent_1.test_4.1.fa pipeline/ref/parent_1.test_5.1.fa > pipeline/ref/parent_1.1.fa
host: sc009
Building DAG of jobs...
Using shell: /usr/bin/bash
Provided cores: 1 (use --cores to define parallelism)
Rules claiming more threads will be scaled down.
Select jobs to execute...
Execute 1 jobs...

[Mon Nov  3 13:52:08 2025]
localrule MergeFastas:
    input: pipeline/ref/parent_1.test_1.1.fa, pipeline/ref/parent_1.test_2.1.fa, pipeline/ref/parent_1.test_3.1.fa, pipeline/ref/parent_1.test_4.1.fa, pipeline/ref/parent_1.test_5.1.fa
    output: pipeline/ref/parent_1.1.fa
    jobid: 0
    reason: Forced execution
    wildcards: indiv=parent_1, genome=1
    resources: mem_mb=8000, mem_mib=7630, disk_mb=1000, disk_mib=954, tmpdir=/tmp, cpus=1, runtime=15, slurm_partition=htc
Shell command: cat pipeline/ref/parent_1.test_1.1.fa pipeline/ref/parent_1.test_2.1.fa pipeline/ref/parent_1.test_3.1.fa pipeline/ref/parent_1.test_4.1.fa pipeline/ref/parent_1.test_5.1.fa > pipeline/ref/parent_1.1.fa
[Mon Nov  3 13:52:09 2025]
Finished jobid: 0 (Rule: MergeFastas)
1 of 1 steps (100%) done
Storing output in storage.
[Mon Nov  3 13:52:10 2025]
Finished jobid: 0 (Rule: MergeFastas)
1 of 1 steps (100%) done
Storing output in storage.
