host: sc064
Building DAG of jobs...
Using shell: /usr/bin/bash
Provided remote nodes: 1
Select jobs to execute...
Execute 1 jobs...

[Mon Nov  3 14:17:48 2025]
rule get_MV_errors:
    input: pipeline/MV/trio.all_chr.MV.1.vcf, pipeline/mutations/input_mutations.1.phased.reformatted.vcf, /scratch/acchapm1/sn9-detect/demo/input_variants/demo_variants.vcf
    output: pipeline/MV/trio.all_chr.MV.errors.1.vcf
    jobid: 0
    reason: Forced execution
    wildcards: iter=1
    resources: mem_mb=8000, mem_mib=7630, disk_mb=1000, disk_mib=954, tmpdir=<TBD>, cpus=1, runtime=15, slurm_partition=htc
Shell command: gatk SelectVariants -V pipeline/MV/trio.all_chr.MV.1.vcf --discordance pipeline/mutations/input_mutations.1.phased.reformatted.vcf -O pipeline/MV/trio.MV.all_chr.1.nomuts.vcf && gatk SelectVariants -V pipeline/MV/trio.MV.all_chr.1.nomuts.vcf --discordance /scratch/acchapm1/sn9-detect/demo/input_variants/demo_variants.vcf -O pipeline/MV/trio.all_chr.MV.errors.1.vcf
host: sc064
Building DAG of jobs...
Using shell: /usr/bin/bash
Provided cores: 1 (use --cores to define parallelism)
Rules claiming more threads will be scaled down.
Select jobs to execute...
Execute 1 jobs...

[Mon Nov  3 14:17:52 2025]
localrule get_MV_errors:
    input: pipeline/MV/trio.all_chr.MV.1.vcf, pipeline/mutations/input_mutations.1.phased.reformatted.vcf, /scratch/acchapm1/sn9-detect/demo/input_variants/demo_variants.vcf
    output: pipeline/MV/trio.all_chr.MV.errors.1.vcf
    jobid: 0
    reason: Forced execution
    wildcards: iter=1
    resources: mem_mb=8000, mem_mib=7630, disk_mb=1000, disk_mib=954, tmpdir=/tmp, cpus=1, runtime=15, slurm_partition=htc
Shell command: gatk SelectVariants -V pipeline/MV/trio.all_chr.MV.1.vcf --discordance pipeline/mutations/input_mutations.1.phased.reformatted.vcf -O pipeline/MV/trio.MV.all_chr.1.nomuts.vcf && gatk SelectVariants -V pipeline/MV/trio.MV.all_chr.1.nomuts.vcf --discordance /scratch/acchapm1/sn9-detect/demo/input_variants/demo_variants.vcf -O pipeline/MV/trio.all_chr.MV.errors.1.vcf
Using GATK jar /home/acchapm1/.conda/envs/sn9detect/share/gatk4-4.6.2.0-0/gatk-package-4.6.2.0-local.jar
Running:
    java -Dsamjdk.use_async_io_read_samtools=false -Dsamjdk.use_async_io_write_samtools=true -Dsamjdk.use_async_io_write_tribble=false -Dsamjdk.compression_level=2 -jar /home/acchapm1/.conda/envs/sn9detect/share/gatk4-4.6.2.0-0/gatk-package-4.6.2.0-local.jar SelectVariants -V pipeline/MV/trio.all_chr.MV.1.vcf --discordance pipeline/mutations/input_mutations.1.phased.reformatted.vcf -O pipeline/MV/trio.MV.all_chr.1.nomuts.vcf
14:17:55.475 INFO  NativeLibraryLoader - Loading libgkl_compression.so from jar:file:/home/acchapm1/.conda/envs/sn9detect/share/gatk4-4.6.2.0-0/gatk-package-4.6.2.0-local.jar!/com/intel/gkl/native/libgkl_compression.so
14:17:55.851 INFO  SelectVariants - ------------------------------------------------------------
14:17:55.875 INFO  SelectVariants - The Genome Analysis Toolkit (GATK) v4.6.2.0
14:17:55.875 INFO  SelectVariants - For support and documentation go to https://software.broadinstitute.org/gatk/
14:17:55.875 INFO  SelectVariants - Executing as acchapm1@sc064 on Linux v4.18.0-553.77.1.el8_10.x86_64 amd64
14:17:55.875 INFO  SelectVariants - Java runtime: OpenJDK 64-Bit Server VM v17.0.15-internal+0-adhoc..src
14:17:55.875 INFO  SelectVariants - Start Date/Time: November 3, 2025 at 2:17:55 PM MST
14:17:55.876 INFO  SelectVariants - ------------------------------------------------------------
14:17:55.876 INFO  SelectVariants - ------------------------------------------------------------
14:17:55.877 INFO  SelectVariants - HTSJDK Version: 4.2.0
14:17:55.877 INFO  SelectVariants - Picard Version: 3.4.0
14:17:55.877 INFO  SelectVariants - Built for Spark Version: 3.5.0
14:17:55.879 INFO  SelectVariants - HTSJDK Defaults.COMPRESSION_LEVEL : 2
14:17:55.879 INFO  SelectVariants - HTSJDK Defaults.USE_ASYNC_IO_READ_FOR_SAMTOOLS : false
14:17:55.880 INFO  SelectVariants - HTSJDK Defaults.USE_ASYNC_IO_WRITE_FOR_SAMTOOLS : true
14:17:55.880 INFO  SelectVariants - HTSJDK Defaults.USE_ASYNC_IO_WRITE_FOR_TRIBBLE : false
14:17:55.880 INFO  SelectVariants - Deflater: IntelDeflater
14:17:55.880 INFO  SelectVariants - Inflater: IntelInflater
14:17:55.880 INFO  SelectVariants - GCS max retries/reopens: 20
14:17:55.880 INFO  SelectVariants - Requester pays: disabled
14:17:55.881 INFO  SelectVariants - Initializing engine
14:17:56.051 INFO  FeatureManager - Using codec VCFCodec to read file file:///scratch/acchapm1/sn9-detect/work/pipeline/mutations/input_mutations.1.phased.reformatted.vcf
14:17:56.524 INFO  FeatureManager - Using codec VCFCodec to read file file:///scratch/acchapm1/sn9-detect/work/pipeline/MV/trio.all_chr.MV.1.vcf
14:17:56.575 INFO  SelectVariants - Done initializing engine
14:17:56.628 INFO  SelectVariants - Selecting only variants discordant with the track: /scratch/acchapm1/sn9-detect/work/pipeline/mutations/input_mutations.1.phased.reformatted.vcf
14:17:56.700 INFO  ProgressMeter - Starting traversal
14:17:56.700 INFO  ProgressMeter -        Current Locus  Elapsed Minutes    Variants Processed  Variants/Minute
14:17:56.767 INFO  ProgressMeter -             unmapped              0.0                    54          48358.2
14:17:56.767 INFO  ProgressMeter - Traversal complete. Processed 54 total variants in 0.0 minutes.
14:17:57.101 INFO  SelectVariants - Shutting down engine
[November 3, 2025 at 2:17:57 PM MST] org.broadinstitute.hellbender.tools.walkers.variantutils.SelectVariants done. Elapsed time: 0.03 minutes.
Runtime.totalMemory()=127795200
Using GATK jar /home/acchapm1/.conda/envs/sn9detect/share/gatk4-4.6.2.0-0/gatk-package-4.6.2.0-local.jar
Running:
    java -Dsamjdk.use_async_io_read_samtools=false -Dsamjdk.use_async_io_write_samtools=true -Dsamjdk.use_async_io_write_tribble=false -Dsamjdk.compression_level=2 -jar /home/acchapm1/.conda/envs/sn9detect/share/gatk4-4.6.2.0-0/gatk-package-4.6.2.0-local.jar SelectVariants -V pipeline/MV/trio.MV.all_chr.1.nomuts.vcf --discordance /scratch/acchapm1/sn9-detect/demo/input_variants/demo_variants.vcf -O pipeline/MV/trio.all_chr.MV.errors.1.vcf
14:17:59.807 INFO  NativeLibraryLoader - Loading libgkl_compression.so from jar:file:/home/acchapm1/.conda/envs/sn9detect/share/gatk4-4.6.2.0-0/gatk-package-4.6.2.0-local.jar!/com/intel/gkl/native/libgkl_compression.so
14:18:00.156 INFO  SelectVariants - ------------------------------------------------------------
14:18:00.167 INFO  SelectVariants - The Genome Analysis Toolkit (GATK) v4.6.2.0
14:18:00.167 INFO  SelectVariants - For support and documentation go to https://software.broadinstitute.org/gatk/
14:18:00.167 INFO  SelectVariants - Executing as acchapm1@sc064 on Linux v4.18.0-553.77.1.el8_10.x86_64 amd64
14:18:00.167 INFO  SelectVariants - Java runtime: OpenJDK 64-Bit Server VM v17.0.15-internal+0-adhoc..src
14:18:00.168 INFO  SelectVariants - Start Date/Time: November 3, 2025 at 2:17:59 PM MST
14:18:00.168 INFO  SelectVariants - ------------------------------------------------------------
14:18:00.168 INFO  SelectVariants - ------------------------------------------------------------
14:18:00.169 INFO  SelectVariants - HTSJDK Version: 4.2.0
14:18:00.169 INFO  SelectVariants - Picard Version: 3.4.0
14:18:00.169 INFO  SelectVariants - Built for Spark Version: 3.5.0
14:18:00.171 INFO  SelectVariants - HTSJDK Defaults.COMPRESSION_LEVEL : 2
14:18:00.171 INFO  SelectVariants - HTSJDK Defaults.USE_ASYNC_IO_READ_FOR_SAMTOOLS : false
14:18:00.172 INFO  SelectVariants - HTSJDK Defaults.USE_ASYNC_IO_WRITE_FOR_SAMTOOLS : true
14:18:00.172 INFO  SelectVariants - HTSJDK Defaults.USE_ASYNC_IO_WRITE_FOR_TRIBBLE : false
14:18:00.172 INFO  SelectVariants - Deflater: IntelDeflater
14:18:00.172 INFO  SelectVariants - Inflater: IntelInflater
14:18:00.172 INFO  SelectVariants - GCS max retries/reopens: 20
14:18:00.172 INFO  SelectVariants - Requester pays: disabled
14:18:00.172 INFO  SelectVariants - Initializing engine
14:18:00.450 INFO  FeatureManager - Using codec VCFCodec to read file file:///scratch/acchapm1/sn9-detect/demo/input_variants/demo_variants.vcf
14:18:00.524 INFO  FeatureManager - Using codec VCFCodec to read file file:///scratch/acchapm1/sn9-detect/work/pipeline/MV/trio.MV.all_chr.1.nomuts.vcf
14:18:00.572 INFO  SelectVariants - Done initializing engine
14:18:00.628 INFO  SelectVariants - Selecting only variants discordant with the track: /scratch/acchapm1/sn9-detect/demo/input_variants/demo_variants.vcf
14:18:00.667 INFO  ProgressMeter - Starting traversal
14:18:00.667 INFO  ProgressMeter -        Current Locus  Elapsed Minutes    Variants Processed  Variants/Minute
14:18:00.948 INFO  ProgressMeter -             unmapped              0.0                    38           8142.9
14:18:00.948 INFO  ProgressMeter - Traversal complete. Processed 38 total variants in 0.0 minutes.
14:18:01.187 INFO  SelectVariants - Shutting down engine
[November 3, 2025 at 2:18:01 PM MST] org.broadinstitute.hellbender.tools.walkers.variantutils.SelectVariants done. Elapsed time: 0.02 minutes.
Runtime.totalMemory()=127795200
[Mon Nov  3 14:18:01 2025]
Finished jobid: 0 (Rule: get_MV_errors)
1 of 1 steps (100%) done
Storing output in storage.
[Mon Nov  3 14:18:01 2025]
Finished jobid: 0 (Rule: get_MV_errors)
1 of 1 steps (100%) done
Storing output in storage.
