host: sc107
Building DAG of jobs...
Using shell: /usr/bin/bash
Provided remote nodes: 1
Select jobs to execute...
Execute 1 jobs...

[Mon Nov  3 13:56:13 2025]
rule SortBam:
    input: pipeline/sorted_bams/parent_1.1.bam
    output: pipeline/sorted_bams/parent_1.sorted.1.bam
    jobid: 0
    reason: Forced execution
    wildcards: indiv=parent_1, iter=1
    resources: mem_mb=64000, mem_mib=61036, disk_mb=1000, disk_mib=954, tmpdir=<TBD>, cpus=12, runtime=720, slurm_partition=public
Shell command: samtools sort -@ 12 pipeline/sorted_bams/parent_1.1.bam > pipeline/sorted_bams/parent_1.sorted.1.bam
host: sc107
Building DAG of jobs...
Using shell: /usr/bin/bash
Provided cores: 1 (use --cores to define parallelism)
Rules claiming more threads will be scaled down.
Select jobs to execute...
Execute 1 jobs...

[Mon Nov  3 13:56:16 2025]
localrule SortBam:
    input: pipeline/sorted_bams/parent_1.1.bam
    output: pipeline/sorted_bams/parent_1.sorted.1.bam
    jobid: 0
    reason: Forced execution
    wildcards: indiv=parent_1, iter=1
    resources: mem_mb=64000, mem_mib=61036, disk_mb=1000, disk_mib=954, tmpdir=/tmp, cpus=12, runtime=720, slurm_partition=public
Shell command: samtools sort -@ 12 pipeline/sorted_bams/parent_1.1.bam > pipeline/sorted_bams/parent_1.sorted.1.bam
[bam_sort_core] merging from 0 files and 12 in-memory blocks...
[Mon Nov  3 13:56:20 2025]
Finished jobid: 0 (Rule: SortBam)
1 of 1 steps (100%) done
Storing output in storage.
[Mon Nov  3 13:56:21 2025]
Finished jobid: 0 (Rule: SortBam)
1 of 1 steps (100%) done
Storing output in storage.
