host: sc064
Building DAG of jobs...
Using shell: /usr/bin/bash
Provided remote nodes: 1
Select jobs to execute...
Execute 1 jobs...

[Mon Nov  3 13:50:45 2025]
rule ReformatMutations:
    input: pipeline/mutations/input_mutations.1.phased.vcf
    output: pipeline/mutations/input_mutations.1.phased.reformatted.vcf
    jobid: 0
    reason: Forced execution
    wildcards: iter=1
    resources: mem_mb=8000, mem_mib=7630, disk_mb=1000, disk_mib=954, tmpdir=<TBD>, cpus=1, runtime=15, slurm_partition=htc
Shell command: python /scratch/acchapm1/sn9-detect/DETECT/scripts/reformat_vcf.py pipeline/mutations/input_mutations.1.phased.vcf > pipeline/mutations/input_mutations.1.phased.reformatted.vcf && gatk IndexFeatureFile -I pipeline/mutations/input_mutations.1.phased.reformatted.vcf
host: sc064
Building DAG of jobs...
Using shell: /usr/bin/bash
Provided cores: 1 (use --cores to define parallelism)
Rules claiming more threads will be scaled down.
Select jobs to execute...
Execute 1 jobs...

[Mon Nov  3 13:50:48 2025]
localrule ReformatMutations:
    input: pipeline/mutations/input_mutations.1.phased.vcf
    output: pipeline/mutations/input_mutations.1.phased.reformatted.vcf
    jobid: 0
    reason: Forced execution
    wildcards: iter=1
    resources: mem_mb=8000, mem_mib=7630, disk_mb=1000, disk_mib=954, tmpdir=/tmp, cpus=1, runtime=15, slurm_partition=htc
Shell command: python /scratch/acchapm1/sn9-detect/DETECT/scripts/reformat_vcf.py pipeline/mutations/input_mutations.1.phased.vcf > pipeline/mutations/input_mutations.1.phased.reformatted.vcf && gatk IndexFeatureFile -I pipeline/mutations/input_mutations.1.phased.reformatted.vcf
Using GATK jar /home/acchapm1/.conda/envs/sn9detect/share/gatk4-4.6.2.0-0/gatk-package-4.6.2.0-local.jar
Running:
    java -Dsamjdk.use_async_io_read_samtools=false -Dsamjdk.use_async_io_write_samtools=true -Dsamjdk.use_async_io_write_tribble=false -Dsamjdk.compression_level=2 -jar /home/acchapm1/.conda/envs/sn9detect/share/gatk4-4.6.2.0-0/gatk-package-4.6.2.0-local.jar IndexFeatureFile -I pipeline/mutations/input_mutations.1.phased.reformatted.vcf
13:50:51.268 INFO  NativeLibraryLoader - Loading libgkl_compression.so from jar:file:/home/acchapm1/.conda/envs/sn9detect/share/gatk4-4.6.2.0-0/gatk-package-4.6.2.0-local.jar!/com/intel/gkl/native/libgkl_compression.so
13:50:51.517 INFO  IndexFeatureFile - ------------------------------------------------------------
13:50:51.519 INFO  IndexFeatureFile - The Genome Analysis Toolkit (GATK) v4.6.2.0
13:50:51.519 INFO  IndexFeatureFile - For support and documentation go to https://software.broadinstitute.org/gatk/
13:50:51.519 INFO  IndexFeatureFile - Executing as acchapm1@sc064 on Linux v4.18.0-553.77.1.el8_10.x86_64 amd64
13:50:51.520 INFO  IndexFeatureFile - Java runtime: OpenJDK 64-Bit Server VM v17.0.15-internal+0-adhoc..src
13:50:51.520 INFO  IndexFeatureFile - Start Date/Time: November 3, 2025 at 1:50:51 PM MST
13:50:51.520 INFO  IndexFeatureFile - ------------------------------------------------------------
13:50:51.520 INFO  IndexFeatureFile - ------------------------------------------------------------
13:50:51.520 INFO  IndexFeatureFile - HTSJDK Version: 4.2.0
13:50:51.521 INFO  IndexFeatureFile - Picard Version: 3.4.0
13:50:51.521 INFO  IndexFeatureFile - Built for Spark Version: 3.5.0
13:50:51.523 INFO  IndexFeatureFile - HTSJDK Defaults.COMPRESSION_LEVEL : 2
13:50:51.523 INFO  IndexFeatureFile - HTSJDK Defaults.USE_ASYNC_IO_READ_FOR_SAMTOOLS : false
13:50:51.523 INFO  IndexFeatureFile - HTSJDK Defaults.USE_ASYNC_IO_WRITE_FOR_SAMTOOLS : true
13:50:51.523 INFO  IndexFeatureFile - HTSJDK Defaults.USE_ASYNC_IO_WRITE_FOR_TRIBBLE : false
13:50:51.523 INFO  IndexFeatureFile - Deflater: IntelDeflater
13:50:51.523 INFO  IndexFeatureFile - Inflater: IntelInflater
13:50:51.523 INFO  IndexFeatureFile - GCS max retries/reopens: 20
13:50:51.524 INFO  IndexFeatureFile - Requester pays: disabled
13:50:51.524 INFO  IndexFeatureFile - Initializing engine
13:50:51.524 INFO  IndexFeatureFile - Done initializing engine
13:50:51.785 INFO  FeatureManager - Using codec VCFCodec to read file file:///scratch/acchapm1/sn9-detect/work/pipeline/mutations/input_mutations.1.phased.reformatted.vcf
13:50:51.791 INFO  ProgressMeter - Starting traversal
13:50:51.792 INFO  ProgressMeter -        Current Locus  Elapsed Minutes     Records Processed   Records/Minute
13:50:51.802 INFO  ProgressMeter -             unmapped              0.0                    16         106666.7
13:50:51.803 INFO  ProgressMeter - Traversal complete. Processed 16 total records in 0.0 minutes.
Tool returned:
/scratch/acchapm1/sn9-detect/work/pipeline/mutations/input_mutations.1.phased.reformatted.vcf.idx
13:50:51.909 INFO  IndexFeatureFile - Successfully wrote index to /scratch/acchapm1/sn9-detect/work/pipeline/mutations/input_mutations.1.phased.reformatted.vcf.idx
13:50:51.910 INFO  IndexFeatureFile - Shutting down engine
[November 3, 2025 at 1:50:51 PM MST] org.broadinstitute.hellbender.tools.IndexFeatureFile done. Elapsed time: 0.01 minutes.
Runtime.totalMemory()=127795200
[Mon Nov  3 13:50:51 2025]
Finished jobid: 0 (Rule: ReformatMutations)
1 of 1 steps (100%) done
Storing output in storage.
[Mon Nov  3 13:50:52 2025]
Finished jobid: 0 (Rule: ReformatMutations)
1 of 1 steps (100%) done
Storing output in storage.
