host: sc009
Building DAG of jobs...
Using shell: /usr/bin/bash
Provided remote nodes: 1
Select jobs to execute...
Execute 1 jobs...

[Mon Nov  3 13:55:32 2025]
rule MapReads:
    input: /scratch/acchapm1/sn9-detect/demo/references/reference.fa, pipeline/reads/parent_2_1.R1.fq, pipeline/reads/parent_2_1.R2.fq
    output: pipeline/sorted_bams/parent_2.1.bam
    jobid: 0
    reason: Forced execution
    wildcards: indiv=parent_2, iter=1
    resources: mem_mb=24000, mem_mib=22889, disk_mb=1000, disk_mib=954, tmpdir=<TBD>, cpus=12, runtime=2880, slurm_partition=public
Shell command: bwa mem 		-t 12		-R "@RG\tID:parent_2_1\tSM:parent_2\tPL:ILLUMINA" 		/scratch/acchapm1/sn9-detect/demo/references/reference.fa 		pipeline/reads/parent_2_1.R1.fq pipeline/reads/parent_2_1.R2.fq 		| samtools view -@ 12 -b - > pipeline/sorted_bams/parent_2.1.bam
host: sc009
Building DAG of jobs...
Using shell: /usr/bin/bash
Provided cores: 1 (use --cores to define parallelism)
Rules claiming more threads will be scaled down.
Select jobs to execute...
Execute 1 jobs...

[Mon Nov  3 13:55:37 2025]
localrule MapReads:
    input: /scratch/acchapm1/sn9-detect/demo/references/reference.fa, pipeline/reads/parent_2_1.R1.fq, pipeline/reads/parent_2_1.R2.fq
    output: pipeline/sorted_bams/parent_2.1.bam
    jobid: 0
    reason: Forced execution
    wildcards: indiv=parent_2, iter=1
    resources: mem_mb=24000, mem_mib=22889, disk_mb=1000, disk_mib=954, tmpdir=/tmp, cpus=12, runtime=2880, slurm_partition=public
Shell command: bwa mem 		-t 12		-R "@RG\tID:parent_2_1\tSM:parent_2\tPL:ILLUMINA" 		/scratch/acchapm1/sn9-detect/demo/references/reference.fa 		pipeline/reads/parent_2_1.R1.fq pipeline/reads/parent_2_1.R2.fq 		| samtools view -@ 12 -b - > pipeline/sorted_bams/parent_2.1.bam
[M::bwa_idx_load_from_disk] read 0 ALT contigs
[M::process] read 1000000 sequences (100000000 bp)...
[M::mem_pestat] # candidate unique pairs for (FF, FR, RF, RR): (0, 500000, 0, 0)
[M::mem_pestat] skip orientation FF as there are not enough pairs
[M::mem_pestat] analyzing insert size distribution for orientation FR...
[M::mem_pestat] (25, 50, 75) percentile: (278, 299, 319)
[M::mem_pestat] low and high boundaries for computing mean and std.dev: (196, 401)
[M::mem_pestat] mean and std.dev: (298.62, 29.91)
[M::mem_pestat] low and high boundaries for proper pairs: (155, 442)
[M::mem_pestat] skip orientation RF as there are not enough pairs
[M::mem_pestat] skip orientation RR as there are not enough pairs
[M::mem_process_seqs] Processed 1000000 reads in 26.416 CPU sec, 26.624 real sec
[main] Version: 0.7.19-r1273
[main] CMD: bwa mem -t 12 -R @RG\tID:parent_2_1\tSM:parent_2\tPL:ILLUMINA /scratch/acchapm1/sn9-detect/demo/references/reference.fa pipeline/reads/parent_2_1.R1.fq pipeline/reads/parent_2_1.R2.fq
[main] Real time: 36.143 sec; CPU: 27.393 sec
[Mon Nov  3 13:56:13 2025]
Finished jobid: 0 (Rule: MapReads)
1 of 1 steps (100%) done
Storing output in storage.
[Mon Nov  3 13:56:13 2025]
Finished jobid: 0 (Rule: MapReads)
1 of 1 steps (100%) done
Storing output in storage.
