host: sc009
Building DAG of jobs...
Using shell: /usr/bin/bash
Provided remote nodes: 1
Select jobs to execute...
Execute 1 jobs...

[Mon Nov  3 13:54:18 2025]
rule MergeGoldenBam:
    input: pipeline/reads/parent_1_1_1_1.golden.bam, pipeline/reads/parent_1_1_1_2.golden.bam, pipeline/reads/parent_1_2_1_1.golden.bam, pipeline/reads/parent_1_2_1_2.golden.bam, pipeline/reads/parent_1_3_1_1.golden.bam, pipeline/reads/parent_1_3_1_2.golden.bam, pipeline/reads/parent_1_4_1_1.golden.bam, pipeline/reads/parent_1_4_1_2.golden.bam, pipeline/reads/parent_1_5_1_1.golden.bam, pipeline/reads/parent_1_5_1_2.golden.bam, pipeline/reads/parent_1_6_1_1.golden.bam, pipeline/reads/parent_1_6_1_2.golden.bam, pipeline/reads/parent_1_7_1_1.golden.bam, pipeline/reads/parent_1_7_1_2.golden.bam, pipeline/reads/parent_1_8_1_1.golden.bam, pipeline/reads/parent_1_8_1_2.golden.bam
    output: pipeline/reads/parent_1_1.golden.bam
    jobid: 0
    reason: Forced execution
    wildcards: indiv=parent_1, iter=1
    resources: mem_mb=8000, mem_mib=7630, disk_mb=1000, disk_mib=954, tmpdir=<TBD>, cpus=12, runtime=480, slurm_partition=public
Shell command: samtools merge 		-@ 12 		-o pipeline/reads/parent_1_1.golden.bam 		pipeline/reads/parent_1_1_1_1.golden.bam pipeline/reads/parent_1_1_1_2.golden.bam pipeline/reads/parent_1_2_1_1.golden.bam pipeline/reads/parent_1_2_1_2.golden.bam pipeline/reads/parent_1_3_1_1.golden.bam pipeline/reads/parent_1_3_1_2.golden.bam pipeline/reads/parent_1_4_1_1.golden.bam pipeline/reads/parent_1_4_1_2.golden.bam pipeline/reads/parent_1_5_1_1.golden.bam pipeline/reads/parent_1_5_1_2.golden.bam pipeline/reads/parent_1_6_1_1.golden.bam pipeline/reads/parent_1_6_1_2.golden.bam pipeline/reads/parent_1_7_1_1.golden.bam pipeline/reads/parent_1_7_1_2.golden.bam pipeline/reads/parent_1_8_1_1.golden.bam pipeline/reads/parent_1_8_1_2.golden.bam
host: sc009
Building DAG of jobs...
Using shell: /usr/bin/bash
Provided cores: 1 (use --cores to define parallelism)
Rules claiming more threads will be scaled down.
Select jobs to execute...
Execute 1 jobs...

[Mon Nov  3 13:54:21 2025]
localrule MergeGoldenBam:
    input: pipeline/reads/parent_1_1_1_1.golden.bam, pipeline/reads/parent_1_1_1_2.golden.bam, pipeline/reads/parent_1_2_1_1.golden.bam, pipeline/reads/parent_1_2_1_2.golden.bam, pipeline/reads/parent_1_3_1_1.golden.bam, pipeline/reads/parent_1_3_1_2.golden.bam, pipeline/reads/parent_1_4_1_1.golden.bam, pipeline/reads/parent_1_4_1_2.golden.bam, pipeline/reads/parent_1_5_1_1.golden.bam, pipeline/reads/parent_1_5_1_2.golden.bam, pipeline/reads/parent_1_6_1_1.golden.bam, pipeline/reads/parent_1_6_1_2.golden.bam, pipeline/reads/parent_1_7_1_1.golden.bam, pipeline/reads/parent_1_7_1_2.golden.bam, pipeline/reads/parent_1_8_1_1.golden.bam, pipeline/reads/parent_1_8_1_2.golden.bam
    output: pipeline/reads/parent_1_1.golden.bam
    jobid: 0
    reason: Forced execution
    wildcards: indiv=parent_1, iter=1
    resources: mem_mb=8000, mem_mib=7630, disk_mb=1000, disk_mib=954, tmpdir=/tmp, cpus=12, runtime=480, slurm_partition=public
Shell command: samtools merge 		-@ 12 		-o pipeline/reads/parent_1_1.golden.bam 		pipeline/reads/parent_1_1_1_1.golden.bam pipeline/reads/parent_1_1_1_2.golden.bam pipeline/reads/parent_1_2_1_1.golden.bam pipeline/reads/parent_1_2_1_2.golden.bam pipeline/reads/parent_1_3_1_1.golden.bam pipeline/reads/parent_1_3_1_2.golden.bam pipeline/reads/parent_1_4_1_1.golden.bam pipeline/reads/parent_1_4_1_2.golden.bam pipeline/reads/parent_1_5_1_1.golden.bam pipeline/reads/parent_1_5_1_2.golden.bam pipeline/reads/parent_1_6_1_1.golden.bam pipeline/reads/parent_1_6_1_2.golden.bam pipeline/reads/parent_1_7_1_1.golden.bam pipeline/reads/parent_1_7_1_2.golden.bam pipeline/reads/parent_1_8_1_1.golden.bam pipeline/reads/parent_1_8_1_2.golden.bam
[Mon Nov  3 13:54:25 2025]
Finished jobid: 0 (Rule: MergeGoldenBam)
1 of 1 steps (100%) done
Storing output in storage.
[Mon Nov  3 13:54:26 2025]
Finished jobid: 0 (Rule: MergeGoldenBam)
1 of 1 steps (100%) done
Storing output in storage.
