host: sc103
Building DAG of jobs...
Using shell: /usr/bin/bash
Provided remote nodes: 1
Select jobs to execute...
Execute 1 jobs...

[Mon Nov  3 13:52:01 2025]
rule MergeFastas:
    input: pipeline/ref/child.test_1.2.fa, pipeline/ref/child.test_2.2.fa, pipeline/ref/child.test_3.2.fa, pipeline/ref/child.test_4.2.fa, pipeline/ref/child.test_5.2.fa
    output: pipeline/ref/child.2.fa
    jobid: 0
    reason: Forced execution
    wildcards: indiv=child, genome=2
    resources: mem_mb=8000, mem_mib=7630, disk_mb=1000, disk_mib=954, tmpdir=<TBD>, cpus=1, runtime=15, slurm_partition=htc
Shell command: cat pipeline/ref/child.test_1.2.fa pipeline/ref/child.test_2.2.fa pipeline/ref/child.test_3.2.fa pipeline/ref/child.test_4.2.fa pipeline/ref/child.test_5.2.fa > pipeline/ref/child.2.fa
host: sc103
Building DAG of jobs...
Using shell: /usr/bin/bash
Provided cores: 1 (use --cores to define parallelism)
Rules claiming more threads will be scaled down.
Select jobs to execute...
Execute 1 jobs...

[Mon Nov  3 13:52:05 2025]
localrule MergeFastas:
    input: pipeline/ref/child.test_1.2.fa, pipeline/ref/child.test_2.2.fa, pipeline/ref/child.test_3.2.fa, pipeline/ref/child.test_4.2.fa, pipeline/ref/child.test_5.2.fa
    output: pipeline/ref/child.2.fa
    jobid: 0
    reason: Forced execution
    wildcards: indiv=child, genome=2
    resources: mem_mb=8000, mem_mib=7630, disk_mb=1000, disk_mib=954, tmpdir=/tmp, cpus=1, runtime=15, slurm_partition=htc
Shell command: cat pipeline/ref/child.test_1.2.fa pipeline/ref/child.test_2.2.fa pipeline/ref/child.test_3.2.fa pipeline/ref/child.test_4.2.fa pipeline/ref/child.test_5.2.fa > pipeline/ref/child.2.fa
[Mon Nov  3 13:52:06 2025]
Finished jobid: 0 (Rule: MergeFastas)
1 of 1 steps (100%) done
Storing output in storage.
[Mon Nov  3 13:52:07 2025]
Finished jobid: 0 (Rule: MergeFastas)
1 of 1 steps (100%) done
Storing output in storage.
