host: sc064
Building DAG of jobs...
Using shell: /usr/bin/bash
Provided remote nodes: 1
Select jobs to execute...
Execute 1 jobs...

[Mon Nov  3 13:56:52 2025]
rule MarkDuplicates:
    input: pipeline/sorted_bams/parent_1.sorted.1.bam
    output: pipeline/mark_dups/parent_1.sorted.mark_dups.1.bam, pipeline/mark_dups/parent_1.sorted.mark_dups.1.bai, pipeline/mark_dups/parent_1.sorted.mark_dups.metrics.1.txt
    jobid: 0
    reason: Forced execution
    wildcards: indiv=parent_1, iter=1
    resources: mem_mb=64000, mem_mib=61036, disk_mb=1000, disk_mib=954, tmpdir=<TBD>, cpus=1, runtime=2880, slurm_partition=public
Shell command: gatk --java-options "-Xmx64000m" MarkDuplicates 		-I pipeline/sorted_bams/parent_1.sorted.1.bam 		-O pipeline/mark_dups/parent_1.sorted.mark_dups.1.bam 		-M pipeline/mark_dups/parent_1.sorted.mark_dups.metrics.1.txt 		--TMP_DIR <TBD> 		--CREATE_INDEX true
host: sc064
Building DAG of jobs...
Using shell: /usr/bin/bash
Provided cores: 1 (use --cores to define parallelism)
Rules claiming more threads will be scaled down.
Select jobs to execute...
Execute 1 jobs...

[Mon Nov  3 13:56:54 2025]
localrule MarkDuplicates:
    input: pipeline/sorted_bams/parent_1.sorted.1.bam
    output: pipeline/mark_dups/parent_1.sorted.mark_dups.1.bam, pipeline/mark_dups/parent_1.sorted.mark_dups.1.bai, pipeline/mark_dups/parent_1.sorted.mark_dups.metrics.1.txt
    jobid: 0
    reason: Forced execution
    wildcards: indiv=parent_1, iter=1
    resources: mem_mb=64000, mem_mib=61036, disk_mb=1000, disk_mib=954, tmpdir=pipeline/mark_dups/, cpus=1, runtime=2880, slurm_partition=public
Shell command: gatk --java-options "-Xmx64000m" MarkDuplicates 		-I pipeline/sorted_bams/parent_1.sorted.1.bam 		-O pipeline/mark_dups/parent_1.sorted.mark_dups.1.bam 		-M pipeline/mark_dups/parent_1.sorted.mark_dups.metrics.1.txt 		--TMP_DIR pipeline/mark_dups/ 		--CREATE_INDEX true
Using GATK jar /home/acchapm1/.conda/envs/sn9detect/share/gatk4-4.6.2.0-0/gatk-package-4.6.2.0-local.jar
Running:
    java -Dsamjdk.use_async_io_read_samtools=false -Dsamjdk.use_async_io_write_samtools=true -Dsamjdk.use_async_io_write_tribble=false -Dsamjdk.compression_level=2 -Xmx64000m -jar /home/acchapm1/.conda/envs/sn9detect/share/gatk4-4.6.2.0-0/gatk-package-4.6.2.0-local.jar MarkDuplicates -I pipeline/sorted_bams/parent_1.sorted.1.bam -O pipeline/mark_dups/parent_1.sorted.mark_dups.1.bam -M pipeline/mark_dups/parent_1.sorted.mark_dups.metrics.1.txt --TMP_DIR pipeline/mark_dups/ --CREATE_INDEX true
13:56:57.617 INFO  NativeLibraryLoader - Loading libgkl_compression.so from jar:file:/home/acchapm1/.conda/envs/sn9detect/share/gatk4-4.6.2.0-0/gatk-package-4.6.2.0-local.jar!/com/intel/gkl/native/libgkl_compression.so
[Mon Nov 03 13:56:57 MST 2025] MarkDuplicates --INPUT pipeline/sorted_bams/parent_1.sorted.1.bam --OUTPUT pipeline/mark_dups/parent_1.sorted.mark_dups.1.bam --METRICS_FILE pipeline/mark_dups/parent_1.sorted.mark_dups.metrics.1.txt --TMP_DIR pipeline/mark_dups --CREATE_INDEX true --MAX_SEQUENCES_FOR_DISK_READ_ENDS_MAP 50000 --MAX_FILE_HANDLES_FOR_READ_ENDS_MAP 8000 --SORTING_COLLECTION_SIZE_RATIO 0.25 --TAG_DUPLICATE_SET_MEMBERS false --REMOVE_SEQUENCING_DUPLICATES false --TAGGING_POLICY DontTag --CLEAR_DT true --DUPLEX_UMI false --FLOW_MODE false --FLOW_DUP_STRATEGY FLOW_QUALITY_SUM_STRATEGY --FLOW_USE_END_IN_UNPAIRED_READS false --FLOW_USE_UNPAIRED_CLIPPED_END false --FLOW_UNPAIRED_END_UNCERTAINTY 0 --FLOW_UNPAIRED_START_UNCERTAINTY 0 --FLOW_SKIP_FIRST_N_FLOWS 0 --FLOW_Q_IS_KNOWN_END false --FLOW_EFFECTIVE_QUALITY_THRESHOLD 15 --ADD_PG_TAG_TO_READS true --REMOVE_DUPLICATES false --ASSUME_SORTED false --DUPLICATE_SCORING_STRATEGY SUM_OF_BASE_QUALITIES --PROGRAM_RECORD_ID MarkDuplicates --PROGRAM_GROUP_NAME MarkDuplicates --READ_NAME_REGEX <optimized capture of last three ':' separated fields as numeric values> --OPTICAL_DUPLICATE_PIXEL_DISTANCE 100 --MAX_OPTICAL_DUPLICATE_SET_SIZE 300000 --VERBOSITY INFO --QUIET false --VALIDATION_STRINGENCY STRICT --COMPRESSION_LEVEL 2 --MAX_RECORDS_IN_RAM 500000 --CREATE_MD5_FILE false --help false --version false --showHidden false --USE_JDK_DEFLATER false --USE_JDK_INFLATER false
[Mon Nov 03 13:56:57 MST 2025] Executing as acchapm1@sc064 on Linux 4.18.0-553.77.1.el8_10.x86_64 amd64; OpenJDK 64-Bit Server VM 17.0.15-internal+0-adhoc..src; Deflater: Intel; Inflater: Intel; Provider GCS is available; Picard version: Version:4.6.2.0
INFO	2025-11-03 13:56:57	MarkDuplicates	Start of doWork freeMemory: 978751760; totalMemory: 1013710848; maxMemory: 64871923712
INFO	2025-11-03 13:56:57	MarkDuplicates	Reading input file and constructing read end information.
INFO	2025-11-03 13:56:57	MarkDuplicates	Will retain up to 235043201 data points before spilling to disk.
WARNING	2025-11-03 13:56:59	AbstractOpticalDuplicateFinderCommandLineProgram	A field field parsed out of a read name was expected to contain an integer and did not. Read name: simulated_parent_1_5_1_27119. Cause: String 'simulated_parent_1_5_1_27119' did not start with a parsable number.
INFO	2025-11-03 13:57:03	MarkDuplicates	Read 500000 records. 0 pairs never matched.
INFO	2025-11-03 13:57:04	MarkDuplicates	After buildSortedReadEndLists freeMemory: 5396154936; totalMemory: 9290563584; maxMemory: 64871923712
INFO	2025-11-03 13:57:04	MarkDuplicates	Will retain up to 2027247616 duplicate indices before spilling to disk.
INFO	2025-11-03 13:57:11	MarkDuplicates	Traversing read pair information and detecting duplicates.
INFO	2025-11-03 13:57:11	MarkDuplicates	Traversing fragment information and detecting duplicates.
INFO	2025-11-03 13:57:11	MarkDuplicates	Sorting list of duplicate records.
INFO	2025-11-03 13:57:13	MarkDuplicates	After generateDuplicateIndexes freeMemory: 22805939640; totalMemory: 39265169408; maxMemory: 64871923712
INFO	2025-11-03 13:57:13	MarkDuplicates	Marking 124 records as duplicates.
INFO	2025-11-03 13:57:13	MarkDuplicates	Found 0 optical duplicate clusters.
INFO	2025-11-03 13:57:13	MarkDuplicates	Reads are assumed to be ordered by: coordinate
INFO	2025-11-03 13:57:19	MarkDuplicates	Writing complete. Closing input iterator.
INFO	2025-11-03 13:57:19	MarkDuplicates	Duplicate Index cleanup.
INFO	2025-11-03 13:57:19	MarkDuplicates	Getting Memory Stats.
INFO	2025-11-03 13:57:20	MarkDuplicates	Before output close freeMemory: 38914723840; totalMemory: 39265169408; maxMemory: 64871923712
INFO	2025-11-03 13:57:20	MarkDuplicates	Closed outputs. Getting more Memory Stats.
INFO	2025-11-03 13:57:20	MarkDuplicates	After output close freeMemory: 35218500144; totalMemory: 35440017408; maxMemory: 64871923712
Tool returned:
0
[Mon Nov 03 13:57:20 MST 2025] picard.sam.markduplicates.MarkDuplicates done. Elapsed time: 0.38 minutes.
Runtime.totalMemory()=35440017408
[Mon Nov  3 13:57:22 2025]
Finished jobid: 0 (Rule: MarkDuplicates)
1 of 1 steps (100%) done
Storing output in storage.
[Mon Nov  3 13:57:22 2025]
Finished jobid: 0 (Rule: MarkDuplicates)
1 of 1 steps (100%) done
Storing output in storage.
