Building DAG of jobs...
Using shell: /usr/bin/bash
Provided cores: 1 (use --cores to define parallelism)
Rules claiming more threads will be scaled down.
Job stats:
job                          count    min threads    max threads
-------------------------  -------  -------------  -------------
ApplyBQSR                        6              1              1
BQSR                             6              1              1
CallVariants                    30              1              1
CombineVariants                 10              1              1
DownsampleBam                    2              1              1
GenotypeVariants                10              1              1
IsolateMVs                      10              1              1
MapReads                         6              1              1
MarkDuplicates                   6              1              1
MergeGoldenBam                   6              1              1
MergeMVVCFs                      2              1              1
MutateGoldenBam                  2              1              1
SamToFastq                       6              1              1
SimulateReads                   48              1              1
SortBam                          6              1              1
all                              1              1              1
get_MV_errors                    2              1              1
get_MV_muts                      2              1              1
get_MV_poly                      2              1              1
get_error_assembly_depths        2              1              1
get_errors_table                 2              1              1
get_mut_assembly_depths          2              1              1
get_muts_table                   2              1              1
get_poly_assembly_depths         2              1              1
get_poly_table                   2              1              1
make_output                      2              1              1
total                          177              1              1

Select jobs to execute...

[Thu Aug 14 17:51:03 2025]
rule SimulateReads:
    input: pipeline/ref/parent_2_renamed.0.fa
    output: pipeline/reads/parent_2_7_1_0.golden.R1.fq, pipeline/reads/parent_2_7_1_0.golden.R2.fq, pipeline/reads/parent_2_7_1_0.golden.bam
    jobid: 64
    reason: Missing output files: pipeline/reads/parent_2_7_1_0.golden.bam
    wildcards: indiv=parent_2, sim=7, iter=1, genome=0
    resources: tmpdir=/tmp, mem_mb=64000, mem_mib=61036, runtime=2880

mason_simulator 		--read-name-prefix "simulated_parent_2_7_1_0" 		--seed $RANDOM --num-threads 1 		-ir pipeline/ref/parent_2_renamed.0.fa 		--fragment-mean-size 400 		--fragment-size-std-dev 30 		--illumina-read-length 100 		-n 15625 		-o pipeline/reads/parent_2_7_1_0.golden.R1.fq 		-or pipeline/reads/parent_2_7_1_0.golden.R2.fq 		-oa pipeline/reads/parent_2_7_1_0.golden.bam
[Thu Aug 14 17:51:04 2025]
Finished job 64.
1 of 177 steps (1%) done
Removing temporary output pipeline/reads/parent_2_7_1_0.golden.R1.fq.
Removing temporary output pipeline/reads/parent_2_7_1_0.golden.R2.fq.
Select jobs to execute...

[Thu Aug 14 17:51:04 2025]
rule SimulateReads:
    input: pipeline/ref/parent_1_renamed.1.fa
    output: pipeline/reads/parent_1_1_1_1.golden.R1.fq, pipeline/reads/parent_1_1_1_1.golden.R2.fq, pipeline/reads/parent_1_1_1_1.golden.bam
    jobid: 26
    reason: Missing output files: pipeline/reads/parent_1_1_1_1.golden.bam
    wildcards: indiv=parent_1, sim=1, iter=1, genome=1
    resources: tmpdir=/tmp, mem_mb=64000, mem_mib=61036, runtime=2880

mason_simulator 		--read-name-prefix "simulated_parent_1_1_1_1" 		--seed $RANDOM --num-threads 1 		-ir pipeline/ref/parent_1_renamed.1.fa 		--fragment-mean-size 400 		--fragment-size-std-dev 30 		--illumina-read-length 100 		-n 15625 		-o pipeline/reads/parent_1_1_1_1.golden.R1.fq 		-or pipeline/reads/parent_1_1_1_1.golden.R2.fq 		-oa pipeline/reads/parent_1_1_1_1.golden.bam
[Thu Aug 14 17:51:05 2025]
Finished job 26.
2 of 177 steps (1%) done
Removing temporary output pipeline/reads/parent_1_1_1_1.golden.R1.fq.
Removing temporary output pipeline/reads/parent_1_1_1_1.golden.R2.fq.
Select jobs to execute...

[Thu Aug 14 17:51:05 2025]
rule SimulateReads:
    input: pipeline/ref/parent_1_renamed.1.fa
    output: pipeline/reads/parent_1_6_1_1.golden.R1.fq, pipeline/reads/parent_1_6_1_1.golden.R2.fq, pipeline/reads/parent_1_6_1_1.golden.bam
    jobid: 37
    reason: Missing output files: pipeline/reads/parent_1_6_1_1.golden.bam
    wildcards: indiv=parent_1, sim=6, iter=1, genome=1
    resources: tmpdir=/tmp, mem_mb=64000, mem_mib=61036, runtime=2880

mason_simulator 		--read-name-prefix "simulated_parent_1_6_1_1" 		--seed $RANDOM --num-threads 1 		-ir pipeline/ref/parent_1_renamed.1.fa 		--fragment-mean-size 400 		--fragment-size-std-dev 30 		--illumina-read-length 100 		-n 15625 		-o pipeline/reads/parent_1_6_1_1.golden.R1.fq 		-or pipeline/reads/parent_1_6_1_1.golden.R2.fq 		-oa pipeline/reads/parent_1_6_1_1.golden.bam
[Thu Aug 14 17:51:06 2025]
Finished job 37.
3 of 177 steps (2%) done
Removing temporary output pipeline/reads/parent_1_6_1_1.golden.R1.fq.
Removing temporary output pipeline/reads/parent_1_6_1_1.golden.R2.fq.
Select jobs to execute...

[Thu Aug 14 17:51:06 2025]
rule SimulateReads:
    input: pipeline/ref/parent_1_renamed.1.fa
    output: pipeline/reads/parent_1_8_2_1.golden.R1.fq, pipeline/reads/parent_1_8_2_1.golden.R2.fq, pipeline/reads/parent_1_8_2_1.golden.bam
    jobid: 159
    reason: Missing output files: pipeline/reads/parent_1_8_2_1.golden.bam
    wildcards: indiv=parent_1, sim=8, iter=2, genome=1
    resources: tmpdir=/tmp, mem_mb=64000, mem_mib=61036, runtime=2880

mason_simulator 		--read-name-prefix "simulated_parent_1_8_2_1" 		--seed $RANDOM --num-threads 1 		-ir pipeline/ref/parent_1_renamed.1.fa 		--fragment-mean-size 400 		--fragment-size-std-dev 30 		--illumina-read-length 100 		-n 15625 		-o pipeline/reads/parent_1_8_2_1.golden.R1.fq 		-or pipeline/reads/parent_1_8_2_1.golden.R2.fq 		-oa pipeline/reads/parent_1_8_2_1.golden.bam
[Thu Aug 14 17:51:07 2025]
Finished job 159.
4 of 177 steps (2%) done
Removing temporary output pipeline/reads/parent_1_8_2_1.golden.R1.fq.
Removing temporary output pipeline/reads/parent_1_8_2_1.golden.R2.fq.
Select jobs to execute...

[Thu Aug 14 17:51:07 2025]
rule SimulateReads:
    input: pipeline/ref/parent_1_renamed.0.fa
    output: pipeline/reads/parent_1_4_1_0.golden.R1.fq, pipeline/reads/parent_1_4_1_0.golden.R2.fq, pipeline/reads/parent_1_4_1_0.golden.bam
    jobid: 32
    reason: Missing output files: pipeline/reads/parent_1_4_1_0.golden.bam
    wildcards: indiv=parent_1, sim=4, iter=1, genome=0
    resources: tmpdir=/tmp, mem_mb=64000, mem_mib=61036, runtime=2880

mason_simulator 		--read-name-prefix "simulated_parent_1_4_1_0" 		--seed $RANDOM --num-threads 1 		-ir pipeline/ref/parent_1_renamed.0.fa 		--fragment-mean-size 400 		--fragment-size-std-dev 30 		--illumina-read-length 100 		-n 15625 		-o pipeline/reads/parent_1_4_1_0.golden.R1.fq 		-or pipeline/reads/parent_1_4_1_0.golden.R2.fq 		-oa pipeline/reads/parent_1_4_1_0.golden.bam
[Thu Aug 14 17:51:08 2025]
Finished job 32.
5 of 177 steps (3%) done
Removing temporary output pipeline/reads/parent_1_4_1_0.golden.R1.fq.
Removing temporary output pipeline/reads/parent_1_4_1_0.golden.R2.fq.
Select jobs to execute...

[Thu Aug 14 17:51:08 2025]
rule SimulateReads:
    input: pipeline/ref/parent_2_renamed.0.fa
    output: pipeline/reads/parent_2_2_2_0.golden.R1.fq, pipeline/reads/parent_2_2_2_0.golden.R2.fq, pipeline/reads/parent_2_2_2_0.golden.bam
    jobid: 170
    reason: Missing output files: pipeline/reads/parent_2_2_2_0.golden.bam
    wildcards: indiv=parent_2, sim=2, iter=2, genome=0
    resources: tmpdir=/tmp, mem_mb=64000, mem_mib=61036, runtime=2880

mason_simulator 		--read-name-prefix "simulated_parent_2_2_2_0" 		--seed $RANDOM --num-threads 1 		-ir pipeline/ref/parent_2_renamed.0.fa 		--fragment-mean-size 400 		--fragment-size-std-dev 30 		--illumina-read-length 100 		-n 15625 		-o pipeline/reads/parent_2_2_2_0.golden.R1.fq 		-or pipeline/reads/parent_2_2_2_0.golden.R2.fq 		-oa pipeline/reads/parent_2_2_2_0.golden.bam
[Thu Aug 14 17:51:10 2025]
Finished job 170.
6 of 177 steps (3%) done
Removing temporary output pipeline/reads/parent_2_2_2_0.golden.R1.fq.
Removing temporary output pipeline/reads/parent_2_2_2_0.golden.R2.fq.
Select jobs to execute...

[Thu Aug 14 17:51:10 2025]
rule SimulateReads:
    input: pipeline/ref/child_renamed.0.fa
    output: pipeline/reads/child_8_2_0.golden.R1.fq, pipeline/reads/child_8_2_0.golden.R2.fq, pipeline/reads/child_8_2_0.golden.bam
    jobid: 208
    reason: Missing output files: pipeline/reads/child_8_2_0.golden.bam
    wildcards: indiv=child, sim=8, iter=2, genome=0
    resources: tmpdir=/tmp, mem_mb=64000, mem_mib=61036, runtime=2880

mason_simulator 		--read-name-prefix "simulated_child_8_2_0" 		--seed $RANDOM --num-threads 1 		-ir pipeline/ref/child_renamed.0.fa 		--fragment-mean-size 400 		--fragment-size-std-dev 30 		--illumina-read-length 100 		-n 18750 		-o pipeline/reads/child_8_2_0.golden.R1.fq 		-or pipeline/reads/child_8_2_0.golden.R2.fq 		-oa pipeline/reads/child_8_2_0.golden.bam
[Thu Aug 14 17:51:11 2025]
Finished job 208.
7 of 177 steps (4%) done
Removing temporary output pipeline/reads/child_8_2_0.golden.R1.fq.
Removing temporary output pipeline/reads/child_8_2_0.golden.R2.fq.
Select jobs to execute...

[Thu Aug 14 17:51:11 2025]
rule SimulateReads:
    input: pipeline/ref/parent_2_renamed.0.fa
    output: pipeline/reads/parent_2_6_1_0.golden.R1.fq, pipeline/reads/parent_2_6_1_0.golden.R2.fq, pipeline/reads/parent_2_6_1_0.golden.bam
    jobid: 62
    reason: Missing output files: pipeline/reads/parent_2_6_1_0.golden.bam
    wildcards: indiv=parent_2, sim=6, iter=1, genome=0
    resources: tmpdir=/tmp, mem_mb=64000, mem_mib=61036, runtime=2880

mason_simulator 		--read-name-prefix "simulated_parent_2_6_1_0" 		--seed $RANDOM --num-threads 1 		-ir pipeline/ref/parent_2_renamed.0.fa 		--fragment-mean-size 400 		--fragment-size-std-dev 30 		--illumina-read-length 100 		-n 15625 		-o pipeline/reads/parent_2_6_1_0.golden.R1.fq 		-or pipeline/reads/parent_2_6_1_0.golden.R2.fq 		-oa pipeline/reads/parent_2_6_1_0.golden.bam
[Thu Aug 14 17:51:12 2025]
Finished job 62.
8 of 177 steps (5%) done
Removing temporary output pipeline/reads/parent_2_6_1_0.golden.R1.fq.
Removing temporary output pipeline/reads/parent_2_6_1_0.golden.R2.fq.
Select jobs to execute...

[Thu Aug 14 17:51:12 2025]
rule SimulateReads:
    input: pipeline/ref/child_renamed.0.fa
    output: pipeline/reads/child_3_2_0.golden.R1.fq, pipeline/reads/child_3_2_0.golden.R2.fq, pipeline/reads/child_3_2_0.golden.bam
    jobid: 198
    reason: Missing output files: pipeline/reads/child_3_2_0.golden.bam
    wildcards: indiv=child, sim=3, iter=2, genome=0
    resources: tmpdir=/tmp, mem_mb=64000, mem_mib=61036, runtime=2880

mason_simulator 		--read-name-prefix "simulated_child_3_2_0" 		--seed $RANDOM --num-threads 1 		-ir pipeline/ref/child_renamed.0.fa 		--fragment-mean-size 400 		--fragment-size-std-dev 30 		--illumina-read-length 100 		-n 18750 		-o pipeline/reads/child_3_2_0.golden.R1.fq 		-or pipeline/reads/child_3_2_0.golden.R2.fq 		-oa pipeline/reads/child_3_2_0.golden.bam
[Thu Aug 14 17:51:14 2025]
Finished job 198.
9 of 177 steps (5%) done
Removing temporary output pipeline/reads/child_3_2_0.golden.R1.fq.
Removing temporary output pipeline/reads/child_3_2_0.golden.R2.fq.
Select jobs to execute...

[Thu Aug 14 17:51:14 2025]
rule SimulateReads:
    input: pipeline/ref/parent_2_renamed.0.fa
    output: pipeline/reads/parent_2_7_2_0.golden.R1.fq, pipeline/reads/parent_2_7_2_0.golden.R2.fq, pipeline/reads/parent_2_7_2_0.golden.bam
    jobid: 180
    reason: Missing output files: pipeline/reads/parent_2_7_2_0.golden.bam
    wildcards: indiv=parent_2, sim=7, iter=2, genome=0
    resources: tmpdir=/tmp, mem_mb=64000, mem_mib=61036, runtime=2880

mason_simulator 		--read-name-prefix "simulated_parent_2_7_2_0" 		--seed $RANDOM --num-threads 1 		-ir pipeline/ref/parent_2_renamed.0.fa 		--fragment-mean-size 400 		--fragment-size-std-dev 30 		--illumina-read-length 100 		-n 15625 		-o pipeline/reads/parent_2_7_2_0.golden.R1.fq 		-or pipeline/reads/parent_2_7_2_0.golden.R2.fq 		-oa pipeline/reads/parent_2_7_2_0.golden.bam
[Thu Aug 14 17:51:15 2025]
Finished job 180.
10 of 177 steps (6%) done
Removing temporary output pipeline/reads/parent_2_7_2_0.golden.R1.fq.
Removing temporary output pipeline/reads/parent_2_7_2_0.golden.R2.fq.
Select jobs to execute...

[Thu Aug 14 17:51:15 2025]
rule SimulateReads:
    input: pipeline/ref/parent_2_renamed.1.fa
    output: pipeline/reads/parent_2_1_2_1.golden.R1.fq, pipeline/reads/parent_2_1_2_1.golden.R2.fq, pipeline/reads/parent_2_1_2_1.golden.bam
    jobid: 169
    reason: Missing output files: pipeline/reads/parent_2_1_2_1.golden.bam
    wildcards: indiv=parent_2, sim=1, iter=2, genome=1
    resources: tmpdir=/tmp, mem_mb=64000, mem_mib=61036, runtime=2880

mason_simulator 		--read-name-prefix "simulated_parent_2_1_2_1" 		--seed $RANDOM --num-threads 1 		-ir pipeline/ref/parent_2_renamed.1.fa 		--fragment-mean-size 400 		--fragment-size-std-dev 30 		--illumina-read-length 100 		-n 15625 		-o pipeline/reads/parent_2_1_2_1.golden.R1.fq 		-or pipeline/reads/parent_2_1_2_1.golden.R2.fq 		-oa pipeline/reads/parent_2_1_2_1.golden.bam
[Thu Aug 14 17:51:16 2025]
Finished job 169.
11 of 177 steps (6%) done
Removing temporary output pipeline/reads/parent_2_1_2_1.golden.R1.fq.
Removing temporary output pipeline/reads/parent_2_1_2_1.golden.R2.fq.
Select jobs to execute...

[Thu Aug 14 17:51:16 2025]
rule SimulateReads:
    input: pipeline/ref/child_renamed.1.fa
    output: pipeline/reads/child_1_2_1.golden.R1.fq, pipeline/reads/child_1_2_1.golden.R2.fq, pipeline/reads/child_1_2_1.golden.bam
    jobid: 195
    reason: Missing output files: pipeline/reads/child_1_2_1.golden.bam
    wildcards: indiv=child, sim=1, iter=2, genome=1
    resources: tmpdir=/tmp, mem_mb=64000, mem_mib=61036, runtime=2880

mason_simulator 		--read-name-prefix "simulated_child_1_2_1" 		--seed $RANDOM --num-threads 1 		-ir pipeline/ref/child_renamed.1.fa 		--fragment-mean-size 400 		--fragment-size-std-dev 30 		--illumina-read-length 100 		-n 18750 		-o pipeline/reads/child_1_2_1.golden.R1.fq 		-or pipeline/reads/child_1_2_1.golden.R2.fq 		-oa pipeline/reads/child_1_2_1.golden.bam
[Thu Aug 14 17:51:17 2025]
Finished job 195.
12 of 177 steps (7%) done
Removing temporary output pipeline/reads/child_1_2_1.golden.R1.fq.
Removing temporary output pipeline/reads/child_1_2_1.golden.R2.fq.
Select jobs to execute...

[Thu Aug 14 17:51:17 2025]
rule SimulateReads:
    input: pipeline/ref/parent_2_renamed.1.fa
    output: pipeline/reads/parent_2_5_1_1.golden.R1.fq, pipeline/reads/parent_2_5_1_1.golden.R2.fq, pipeline/reads/parent_2_5_1_1.golden.bam
    jobid: 61
    reason: Missing output files: pipeline/reads/parent_2_5_1_1.golden.bam
    wildcards: indiv=parent_2, sim=5, iter=1, genome=1
    resources: tmpdir=/tmp, mem_mb=64000, mem_mib=61036, runtime=2880

mason_simulator 		--read-name-prefix "simulated_parent_2_5_1_1" 		--seed $RANDOM --num-threads 1 		-ir pipeline/ref/parent_2_renamed.1.fa 		--fragment-mean-size 400 		--fragment-size-std-dev 30 		--illumina-read-length 100 		-n 15625 		-o pipeline/reads/parent_2_5_1_1.golden.R1.fq 		-or pipeline/reads/parent_2_5_1_1.golden.R2.fq 		-oa pipeline/reads/parent_2_5_1_1.golden.bam
[Thu Aug 14 17:51:19 2025]
Finished job 61.
13 of 177 steps (7%) done
Removing temporary output pipeline/reads/parent_2_5_1_1.golden.R1.fq.
Removing temporary output pipeline/reads/parent_2_5_1_1.golden.R2.fq.
Select jobs to execute...

[Thu Aug 14 17:51:19 2025]
rule SimulateReads:
    input: pipeline/ref/parent_1_renamed.1.fa
    output: pipeline/reads/parent_1_4_1_1.golden.R1.fq, pipeline/reads/parent_1_4_1_1.golden.R2.fq, pipeline/reads/parent_1_4_1_1.golden.bam
    jobid: 33
    reason: Missing output files: pipeline/reads/parent_1_4_1_1.golden.bam
    wildcards: indiv=parent_1, sim=4, iter=1, genome=1
    resources: tmpdir=/tmp, mem_mb=64000, mem_mib=61036, runtime=2880

mason_simulator 		--read-name-prefix "simulated_parent_1_4_1_1" 		--seed $RANDOM --num-threads 1 		-ir pipeline/ref/parent_1_renamed.1.fa 		--fragment-mean-size 400 		--fragment-size-std-dev 30 		--illumina-read-length 100 		-n 15625 		-o pipeline/reads/parent_1_4_1_1.golden.R1.fq 		-or pipeline/reads/parent_1_4_1_1.golden.R2.fq 		-oa pipeline/reads/parent_1_4_1_1.golden.bam
[Thu Aug 14 17:51:20 2025]
Finished job 33.
14 of 177 steps (8%) done
Removing temporary output pipeline/reads/parent_1_4_1_1.golden.R1.fq.
Removing temporary output pipeline/reads/parent_1_4_1_1.golden.R2.fq.
Select jobs to execute...

[Thu Aug 14 17:51:20 2025]
rule SimulateReads:
    input: pipeline/ref/parent_2_renamed.0.fa
    output: pipeline/reads/parent_2_8_1_0.golden.R1.fq, pipeline/reads/parent_2_8_1_0.golden.R2.fq, pipeline/reads/parent_2_8_1_0.golden.bam
    jobid: 66
    reason: Missing output files: pipeline/reads/parent_2_8_1_0.golden.bam
    wildcards: indiv=parent_2, sim=8, iter=1, genome=0
    resources: tmpdir=/tmp, mem_mb=64000, mem_mib=61036, runtime=2880

mason_simulator 		--read-name-prefix "simulated_parent_2_8_1_0" 		--seed $RANDOM --num-threads 1 		-ir pipeline/ref/parent_2_renamed.0.fa 		--fragment-mean-size 400 		--fragment-size-std-dev 30 		--illumina-read-length 100 		-n 15625 		-o pipeline/reads/parent_2_8_1_0.golden.R1.fq 		-or pipeline/reads/parent_2_8_1_0.golden.R2.fq 		-oa pipeline/reads/parent_2_8_1_0.golden.bam
[Thu Aug 14 17:51:21 2025]
Finished job 66.
15 of 177 steps (8%) done
Removing temporary output pipeline/reads/parent_2_8_1_0.golden.R1.fq.
Removing temporary output pipeline/reads/parent_2_8_1_0.golden.R2.fq.
Select jobs to execute...

[Thu Aug 14 17:51:21 2025]
rule SimulateReads:
    input: pipeline/ref/parent_1_renamed.0.fa
    output: pipeline/reads/parent_1_7_1_0.golden.R1.fq, pipeline/reads/parent_1_7_1_0.golden.R2.fq, pipeline/reads/parent_1_7_1_0.golden.bam
    jobid: 38
    reason: Missing output files: pipeline/reads/parent_1_7_1_0.golden.bam
    wildcards: indiv=parent_1, sim=7, iter=1, genome=0
    resources: tmpdir=/tmp, mem_mb=64000, mem_mib=61036, runtime=2880

mason_simulator 		--read-name-prefix "simulated_parent_1_7_1_0" 		--seed $RANDOM --num-threads 1 		-ir pipeline/ref/parent_1_renamed.0.fa 		--fragment-mean-size 400 		--fragment-size-std-dev 30 		--illumina-read-length 100 		-n 15625 		-o pipeline/reads/parent_1_7_1_0.golden.R1.fq 		-or pipeline/reads/parent_1_7_1_0.golden.R2.fq 		-oa pipeline/reads/parent_1_7_1_0.golden.bam
[Thu Aug 14 17:51:22 2025]
Finished job 38.
16 of 177 steps (9%) done
Removing temporary output pipeline/reads/parent_1_7_1_0.golden.R1.fq.
Removing temporary output pipeline/reads/parent_1_7_1_0.golden.R2.fq.
Select jobs to execute...

[Thu Aug 14 17:51:22 2025]
rule SimulateReads:
    input: pipeline/ref/parent_1_renamed.1.fa
    output: pipeline/reads/parent_1_2_1_1.golden.R1.fq, pipeline/reads/parent_1_2_1_1.golden.R2.fq, pipeline/reads/parent_1_2_1_1.golden.bam
    jobid: 29
    reason: Missing output files: pipeline/reads/parent_1_2_1_1.golden.bam
    wildcards: indiv=parent_1, sim=2, iter=1, genome=1
    resources: tmpdir=/tmp, mem_mb=64000, mem_mib=61036, runtime=2880

mason_simulator 		--read-name-prefix "simulated_parent_1_2_1_1" 		--seed $RANDOM --num-threads 1 		-ir pipeline/ref/parent_1_renamed.1.fa 		--fragment-mean-size 400 		--fragment-size-std-dev 30 		--illumina-read-length 100 		-n 15625 		-o pipeline/reads/parent_1_2_1_1.golden.R1.fq 		-or pipeline/reads/parent_1_2_1_1.golden.R2.fq 		-oa pipeline/reads/parent_1_2_1_1.golden.bam
[Thu Aug 14 17:51:23 2025]
Finished job 29.
17 of 177 steps (10%) done
Removing temporary output pipeline/reads/parent_1_2_1_1.golden.R1.fq.
Removing temporary output pipeline/reads/parent_1_2_1_1.golden.R2.fq.
Select jobs to execute...

[Thu Aug 14 17:51:23 2025]
rule SimulateReads:
    input: pipeline/ref/parent_1_renamed.0.fa
    output: pipeline/reads/parent_1_5_1_0.golden.R1.fq, pipeline/reads/parent_1_5_1_0.golden.R2.fq, pipeline/reads/parent_1_5_1_0.golden.bam
    jobid: 34
    reason: Missing output files: pipeline/reads/parent_1_5_1_0.golden.bam
    wildcards: indiv=parent_1, sim=5, iter=1, genome=0
    resources: tmpdir=/tmp, mem_mb=64000, mem_mib=61036, runtime=2880

mason_simulator 		--read-name-prefix "simulated_parent_1_5_1_0" 		--seed $RANDOM --num-threads 1 		-ir pipeline/ref/parent_1_renamed.0.fa 		--fragment-mean-size 400 		--fragment-size-std-dev 30 		--illumina-read-length 100 		-n 15625 		-o pipeline/reads/parent_1_5_1_0.golden.R1.fq 		-or pipeline/reads/parent_1_5_1_0.golden.R2.fq 		-oa pipeline/reads/parent_1_5_1_0.golden.bam
[Thu Aug 14 17:51:25 2025]
Finished job 34.
18 of 177 steps (10%) done
Removing temporary output pipeline/reads/parent_1_5_1_0.golden.R1.fq.
Removing temporary output pipeline/reads/parent_1_5_1_0.golden.R2.fq.
Select jobs to execute...

[Thu Aug 14 17:51:25 2025]
rule SimulateReads:
    input: pipeline/ref/parent_2_renamed.0.fa
    output: pipeline/reads/parent_2_8_2_0.golden.R1.fq, pipeline/reads/parent_2_8_2_0.golden.R2.fq, pipeline/reads/parent_2_8_2_0.golden.bam
    jobid: 182
    reason: Missing output files: pipeline/reads/parent_2_8_2_0.golden.bam
    wildcards: indiv=parent_2, sim=8, iter=2, genome=0
    resources: tmpdir=/tmp, mem_mb=64000, mem_mib=61036, runtime=2880

mason_simulator 		--read-name-prefix "simulated_parent_2_8_2_0" 		--seed $RANDOM --num-threads 1 		-ir pipeline/ref/parent_2_renamed.0.fa 		--fragment-mean-size 400 		--fragment-size-std-dev 30 		--illumina-read-length 100 		-n 15625 		-o pipeline/reads/parent_2_8_2_0.golden.R1.fq 		-or pipeline/reads/parent_2_8_2_0.golden.R2.fq 		-oa pipeline/reads/parent_2_8_2_0.golden.bam
[Thu Aug 14 17:51:26 2025]
Finished job 182.
19 of 177 steps (11%) done
Removing temporary output pipeline/reads/parent_2_8_2_0.golden.R1.fq.
Removing temporary output pipeline/reads/parent_2_8_2_0.golden.R2.fq.
Select jobs to execute...

[Thu Aug 14 17:51:26 2025]
rule SimulateReads:
    input: pipeline/ref/parent_2_renamed.0.fa
    output: pipeline/reads/parent_2_3_2_0.golden.R1.fq, pipeline/reads/parent_2_3_2_0.golden.R2.fq, pipeline/reads/parent_2_3_2_0.golden.bam
    jobid: 172
    reason: Missing output files: pipeline/reads/parent_2_3_2_0.golden.bam
    wildcards: indiv=parent_2, sim=3, iter=2, genome=0
    resources: tmpdir=/tmp, mem_mb=64000, mem_mib=61036, runtime=2880

mason_simulator 		--read-name-prefix "simulated_parent_2_3_2_0" 		--seed $RANDOM --num-threads 1 		-ir pipeline/ref/parent_2_renamed.0.fa 		--fragment-mean-size 400 		--fragment-size-std-dev 30 		--illumina-read-length 100 		-n 15625 		-o pipeline/reads/parent_2_3_2_0.golden.R1.fq 		-or pipeline/reads/parent_2_3_2_0.golden.R2.fq 		-oa pipeline/reads/parent_2_3_2_0.golden.bam
[Thu Aug 14 17:51:27 2025]
Finished job 172.
20 of 177 steps (11%) done
Removing temporary output pipeline/reads/parent_2_3_2_0.golden.R1.fq.
Removing temporary output pipeline/reads/parent_2_3_2_0.golden.R2.fq.
Select jobs to execute...

[Thu Aug 14 17:51:27 2025]
rule SimulateReads:
    input: pipeline/ref/parent_2_renamed.0.fa
    output: pipeline/reads/parent_2_2_1_0.golden.R1.fq, pipeline/reads/parent_2_2_1_0.golden.R2.fq, pipeline/reads/parent_2_2_1_0.golden.bam
    jobid: 54
    reason: Missing output files: pipeline/reads/parent_2_2_1_0.golden.bam
    wildcards: indiv=parent_2, sim=2, iter=1, genome=0
    resources: tmpdir=/tmp, mem_mb=64000, mem_mib=61036, runtime=2880

mason_simulator 		--read-name-prefix "simulated_parent_2_2_1_0" 		--seed $RANDOM --num-threads 1 		-ir pipeline/ref/parent_2_renamed.0.fa 		--fragment-mean-size 400 		--fragment-size-std-dev 30 		--illumina-read-length 100 		-n 15625 		-o pipeline/reads/parent_2_2_1_0.golden.R1.fq 		-or pipeline/reads/parent_2_2_1_0.golden.R2.fq 		-oa pipeline/reads/parent_2_2_1_0.golden.bam
[Thu Aug 14 17:51:28 2025]
Finished job 54.
21 of 177 steps (12%) done
Removing temporary output pipeline/reads/parent_2_2_1_0.golden.R1.fq.
Removing temporary output pipeline/reads/parent_2_2_1_0.golden.R2.fq.
Select jobs to execute...

[Thu Aug 14 17:51:28 2025]
rule SimulateReads:
    input: pipeline/ref/parent_1_renamed.0.fa
    output: pipeline/reads/parent_1_8_1_0.golden.R1.fq, pipeline/reads/parent_1_8_1_0.golden.R2.fq, pipeline/reads/parent_1_8_1_0.golden.bam
    jobid: 40
    reason: Missing output files: pipeline/reads/parent_1_8_1_0.golden.bam
    wildcards: indiv=parent_1, sim=8, iter=1, genome=0
    resources: tmpdir=/tmp, mem_mb=64000, mem_mib=61036, runtime=2880

mason_simulator 		--read-name-prefix "simulated_parent_1_8_1_0" 		--seed $RANDOM --num-threads 1 		-ir pipeline/ref/parent_1_renamed.0.fa 		--fragment-mean-size 400 		--fragment-size-std-dev 30 		--illumina-read-length 100 		-n 15625 		-o pipeline/reads/parent_1_8_1_0.golden.R1.fq 		-or pipeline/reads/parent_1_8_1_0.golden.R2.fq 		-oa pipeline/reads/parent_1_8_1_0.golden.bam
[Thu Aug 14 17:51:29 2025]
Finished job 40.
22 of 177 steps (12%) done
Removing temporary output pipeline/reads/parent_1_8_1_0.golden.R1.fq.
Removing temporary output pipeline/reads/parent_1_8_1_0.golden.R2.fq.
Select jobs to execute...

[Thu Aug 14 17:51:29 2025]
rule SimulateReads:
    input: pipeline/ref/parent_1_renamed.0.fa
    output: pipeline/reads/parent_1_1_1_0.golden.R1.fq, pipeline/reads/parent_1_1_1_0.golden.R2.fq, pipeline/reads/parent_1_1_1_0.golden.bam
    jobid: 13
    reason: Missing output files: pipeline/reads/parent_1_1_1_0.golden.bam
    wildcards: indiv=parent_1, sim=1, iter=1, genome=0
    resources: tmpdir=/tmp, mem_mb=64000, mem_mib=61036, runtime=2880

mason_simulator 		--read-name-prefix "simulated_parent_1_1_1_0" 		--seed $RANDOM --num-threads 1 		-ir pipeline/ref/parent_1_renamed.0.fa 		--fragment-mean-size 400 		--fragment-size-std-dev 30 		--illumina-read-length 100 		-n 15625 		-o pipeline/reads/parent_1_1_1_0.golden.R1.fq 		-or pipeline/reads/parent_1_1_1_0.golden.R2.fq 		-oa pipeline/reads/parent_1_1_1_0.golden.bam
[Thu Aug 14 17:51:30 2025]
Finished job 13.
23 of 177 steps (13%) done
Removing temporary output pipeline/reads/parent_1_1_1_0.golden.R1.fq.
Removing temporary output pipeline/reads/parent_1_1_1_0.golden.R2.fq.
Select jobs to execute...

[Thu Aug 14 17:51:30 2025]
rule SimulateReads:
    input: pipeline/ref/parent_1_renamed.0.fa
    output: pipeline/reads/parent_1_3_1_0.golden.R1.fq, pipeline/reads/parent_1_3_1_0.golden.R2.fq, pipeline/reads/parent_1_3_1_0.golden.bam
    jobid: 30
    reason: Missing output files: pipeline/reads/parent_1_3_1_0.golden.bam
    wildcards: indiv=parent_1, sim=3, iter=1, genome=0
    resources: tmpdir=/tmp, mem_mb=64000, mem_mib=61036, runtime=2880

mason_simulator 		--read-name-prefix "simulated_parent_1_3_1_0" 		--seed $RANDOM --num-threads 1 		-ir pipeline/ref/parent_1_renamed.0.fa 		--fragment-mean-size 400 		--fragment-size-std-dev 30 		--illumina-read-length 100 		-n 15625 		-o pipeline/reads/parent_1_3_1_0.golden.R1.fq 		-or pipeline/reads/parent_1_3_1_0.golden.R2.fq 		-oa pipeline/reads/parent_1_3_1_0.golden.bam
[Thu Aug 14 17:51:32 2025]
Finished job 30.
24 of 177 steps (14%) done
Removing temporary output pipeline/reads/parent_1_3_1_0.golden.R1.fq.
Removing temporary output pipeline/reads/parent_1_3_1_0.golden.R2.fq.
Select jobs to execute...

[Thu Aug 14 17:51:32 2025]
rule SimulateReads:
    input: pipeline/ref/parent_1_renamed.1.fa
    output: pipeline/reads/parent_1_5_1_1.golden.R1.fq, pipeline/reads/parent_1_5_1_1.golden.R2.fq, pipeline/reads/parent_1_5_1_1.golden.bam
    jobid: 35
    reason: Missing output files: pipeline/reads/parent_1_5_1_1.golden.bam
    wildcards: indiv=parent_1, sim=5, iter=1, genome=1
    resources: tmpdir=/tmp, mem_mb=64000, mem_mib=61036, runtime=2880

mason_simulator 		--read-name-prefix "simulated_parent_1_5_1_1" 		--seed $RANDOM --num-threads 1 		-ir pipeline/ref/parent_1_renamed.1.fa 		--fragment-mean-size 400 		--fragment-size-std-dev 30 		--illumina-read-length 100 		-n 15625 		-o pipeline/reads/parent_1_5_1_1.golden.R1.fq 		-or pipeline/reads/parent_1_5_1_1.golden.R2.fq 		-oa pipeline/reads/parent_1_5_1_1.golden.bam
[Thu Aug 14 17:51:33 2025]
Finished job 35.
25 of 177 steps (14%) done
Removing temporary output pipeline/reads/parent_1_5_1_1.golden.R1.fq.
Removing temporary output pipeline/reads/parent_1_5_1_1.golden.R2.fq.
Select jobs to execute...

[Thu Aug 14 17:51:33 2025]
rule SimulateReads:
    input: pipeline/ref/parent_2_renamed.0.fa
    output: pipeline/reads/parent_2_1_2_0.golden.R1.fq, pipeline/reads/parent_2_1_2_0.golden.R2.fq, pipeline/reads/parent_2_1_2_0.golden.bam
    jobid: 168
    reason: Missing output files: pipeline/reads/parent_2_1_2_0.golden.bam
    wildcards: indiv=parent_2, sim=1, iter=2, genome=0
    resources: tmpdir=/tmp, mem_mb=64000, mem_mib=61036, runtime=2880

mason_simulator 		--read-name-prefix "simulated_parent_2_1_2_0" 		--seed $RANDOM --num-threads 1 		-ir pipeline/ref/parent_2_renamed.0.fa 		--fragment-mean-size 400 		--fragment-size-std-dev 30 		--illumina-read-length 100 		-n 15625 		-o pipeline/reads/parent_2_1_2_0.golden.R1.fq 		-or pipeline/reads/parent_2_1_2_0.golden.R2.fq 		-oa pipeline/reads/parent_2_1_2_0.golden.bam
[Thu Aug 14 17:51:34 2025]
Finished job 168.
26 of 177 steps (15%) done
Removing temporary output pipeline/reads/parent_2_1_2_0.golden.R1.fq.
Removing temporary output pipeline/reads/parent_2_1_2_0.golden.R2.fq.
Select jobs to execute...

[Thu Aug 14 17:51:34 2025]
rule SimulateReads:
    input: pipeline/ref/parent_2_renamed.0.fa
    output: pipeline/reads/parent_2_6_2_0.golden.R1.fq, pipeline/reads/parent_2_6_2_0.golden.R2.fq, pipeline/reads/parent_2_6_2_0.golden.bam
    jobid: 178
    reason: Missing output files: pipeline/reads/parent_2_6_2_0.golden.bam
    wildcards: indiv=parent_2, sim=6, iter=2, genome=0
    resources: tmpdir=/tmp, mem_mb=64000, mem_mib=61036, runtime=2880

mason_simulator 		--read-name-prefix "simulated_parent_2_6_2_0" 		--seed $RANDOM --num-threads 1 		-ir pipeline/ref/parent_2_renamed.0.fa 		--fragment-mean-size 400 		--fragment-size-std-dev 30 		--illumina-read-length 100 		-n 15625 		-o pipeline/reads/parent_2_6_2_0.golden.R1.fq 		-or pipeline/reads/parent_2_6_2_0.golden.R2.fq 		-oa pipeline/reads/parent_2_6_2_0.golden.bam
[Thu Aug 14 17:51:35 2025]
Finished job 178.
27 of 177 steps (15%) done
Removing temporary output pipeline/reads/parent_2_6_2_0.golden.R1.fq.
Removing temporary output pipeline/reads/parent_2_6_2_0.golden.R2.fq.
Select jobs to execute...

[Thu Aug 14 17:51:35 2025]
rule SimulateReads:
    input: pipeline/ref/parent_2_renamed.0.fa
    output: pipeline/reads/parent_2_4_1_0.golden.R1.fq, pipeline/reads/parent_2_4_1_0.golden.R2.fq, pipeline/reads/parent_2_4_1_0.golden.bam
    jobid: 58
    reason: Missing output files: pipeline/reads/parent_2_4_1_0.golden.bam
    wildcards: indiv=parent_2, sim=4, iter=1, genome=0
    resources: tmpdir=/tmp, mem_mb=64000, mem_mib=61036, runtime=2880

mason_simulator 		--read-name-prefix "simulated_parent_2_4_1_0" 		--seed $RANDOM --num-threads 1 		-ir pipeline/ref/parent_2_renamed.0.fa 		--fragment-mean-size 400 		--fragment-size-std-dev 30 		--illumina-read-length 100 		-n 15625 		-o pipeline/reads/parent_2_4_1_0.golden.R1.fq 		-or pipeline/reads/parent_2_4_1_0.golden.R2.fq 		-oa pipeline/reads/parent_2_4_1_0.golden.bam
[Thu Aug 14 17:51:36 2025]
Finished job 58.
28 of 177 steps (16%) done
Removing temporary output pipeline/reads/parent_2_4_1_0.golden.R1.fq.
Removing temporary output pipeline/reads/parent_2_4_1_0.golden.R2.fq.
Select jobs to execute...

[Thu Aug 14 17:51:36 2025]
rule SimulateReads:
    input: pipeline/ref/parent_2_renamed.0.fa
    output: pipeline/reads/parent_2_5_1_0.golden.R1.fq, pipeline/reads/parent_2_5_1_0.golden.R2.fq, pipeline/reads/parent_2_5_1_0.golden.bam
    jobid: 60
    reason: Missing output files: pipeline/reads/parent_2_5_1_0.golden.bam
    wildcards: indiv=parent_2, sim=5, iter=1, genome=0
    resources: tmpdir=/tmp, mem_mb=64000, mem_mib=61036, runtime=2880

mason_simulator 		--read-name-prefix "simulated_parent_2_5_1_0" 		--seed $RANDOM --num-threads 1 		-ir pipeline/ref/parent_2_renamed.0.fa 		--fragment-mean-size 400 		--fragment-size-std-dev 30 		--illumina-read-length 100 		-n 15625 		-o pipeline/reads/parent_2_5_1_0.golden.R1.fq 		-or pipeline/reads/parent_2_5_1_0.golden.R2.fq 		-oa pipeline/reads/parent_2_5_1_0.golden.bam
[Thu Aug 14 17:51:37 2025]
Finished job 60.
29 of 177 steps (16%) done
Removing temporary output pipeline/reads/parent_2_5_1_0.golden.R1.fq.
Removing temporary output pipeline/reads/parent_2_5_1_0.golden.R2.fq.
Select jobs to execute...

[Thu Aug 14 17:51:37 2025]
rule SimulateReads:
    input: pipeline/ref/parent_1_renamed.1.fa
    output: pipeline/reads/parent_1_3_1_1.golden.R1.fq, pipeline/reads/parent_1_3_1_1.golden.R2.fq, pipeline/reads/parent_1_3_1_1.golden.bam
    jobid: 31
    reason: Missing output files: pipeline/reads/parent_1_3_1_1.golden.bam
    wildcards: indiv=parent_1, sim=3, iter=1, genome=1
    resources: tmpdir=/tmp, mem_mb=64000, mem_mib=61036, runtime=2880

mason_simulator 		--read-name-prefix "simulated_parent_1_3_1_1" 		--seed $RANDOM --num-threads 1 		-ir pipeline/ref/parent_1_renamed.1.fa 		--fragment-mean-size 400 		--fragment-size-std-dev 30 		--illumina-read-length 100 		-n 15625 		-o pipeline/reads/parent_1_3_1_1.golden.R1.fq 		-or pipeline/reads/parent_1_3_1_1.golden.R2.fq 		-oa pipeline/reads/parent_1_3_1_1.golden.bam
[Thu Aug 14 17:51:39 2025]
Finished job 31.
30 of 177 steps (17%) done
Removing temporary output pipeline/reads/parent_1_3_1_1.golden.R1.fq.
Removing temporary output pipeline/reads/parent_1_3_1_1.golden.R2.fq.
Select jobs to execute...

[Thu Aug 14 17:51:39 2025]
rule SimulateReads:
    input: pipeline/ref/parent_1_renamed.1.fa
    output: pipeline/reads/parent_1_7_1_1.golden.R1.fq, pipeline/reads/parent_1_7_1_1.golden.R2.fq, pipeline/reads/parent_1_7_1_1.golden.bam
    jobid: 39
    reason: Missing output files: pipeline/reads/parent_1_7_1_1.golden.bam
    wildcards: indiv=parent_1, sim=7, iter=1, genome=1
    resources: tmpdir=/tmp, mem_mb=64000, mem_mib=61036, runtime=2880

mason_simulator 		--read-name-prefix "simulated_parent_1_7_1_1" 		--seed $RANDOM --num-threads 1 		-ir pipeline/ref/parent_1_renamed.1.fa 		--fragment-mean-size 400 		--fragment-size-std-dev 30 		--illumina-read-length 100 		-n 15625 		-o pipeline/reads/parent_1_7_1_1.golden.R1.fq 		-or pipeline/reads/parent_1_7_1_1.golden.R2.fq 		-oa pipeline/reads/parent_1_7_1_1.golden.bam
[Thu Aug 14 17:51:40 2025]
Finished job 39.
31 of 177 steps (18%) done
Removing temporary output pipeline/reads/parent_1_7_1_1.golden.R1.fq.
Removing temporary output pipeline/reads/parent_1_7_1_1.golden.R2.fq.
Select jobs to execute...

[Thu Aug 14 17:51:40 2025]
rule SimulateReads:
    input: pipeline/ref/parent_1_renamed.1.fa
    output: pipeline/reads/parent_1_7_2_1.golden.R1.fq, pipeline/reads/parent_1_7_2_1.golden.R2.fq, pipeline/reads/parent_1_7_2_1.golden.bam
    jobid: 157
    reason: Missing output files: pipeline/reads/parent_1_7_2_1.golden.bam
    wildcards: indiv=parent_1, sim=7, iter=2, genome=1
    resources: tmpdir=/tmp, mem_mb=64000, mem_mib=61036, runtime=2880

mason_simulator 		--read-name-prefix "simulated_parent_1_7_2_1" 		--seed $RANDOM --num-threads 1 		-ir pipeline/ref/parent_1_renamed.1.fa 		--fragment-mean-size 400 		--fragment-size-std-dev 30 		--illumina-read-length 100 		-n 15625 		-o pipeline/reads/parent_1_7_2_1.golden.R1.fq 		-or pipeline/reads/parent_1_7_2_1.golden.R2.fq 		-oa pipeline/reads/parent_1_7_2_1.golden.bam
[Thu Aug 14 17:51:41 2025]
Finished job 157.
32 of 177 steps (18%) done
Removing temporary output pipeline/reads/parent_1_7_2_1.golden.R1.fq.
Removing temporary output pipeline/reads/parent_1_7_2_1.golden.R2.fq.
Select jobs to execute...

[Thu Aug 14 17:51:41 2025]
rule SimulateReads:
    input: pipeline/ref/parent_2_renamed.0.fa
    output: pipeline/reads/parent_2_4_2_0.golden.R1.fq, pipeline/reads/parent_2_4_2_0.golden.R2.fq, pipeline/reads/parent_2_4_2_0.golden.bam
    jobid: 174
    reason: Missing output files: pipeline/reads/parent_2_4_2_0.golden.bam
    wildcards: indiv=parent_2, sim=4, iter=2, genome=0
    resources: tmpdir=/tmp, mem_mb=64000, mem_mib=61036, runtime=2880

mason_simulator 		--read-name-prefix "simulated_parent_2_4_2_0" 		--seed $RANDOM --num-threads 1 		-ir pipeline/ref/parent_2_renamed.0.fa 		--fragment-mean-size 400 		--fragment-size-std-dev 30 		--illumina-read-length 100 		-n 15625 		-o pipeline/reads/parent_2_4_2_0.golden.R1.fq 		-or pipeline/reads/parent_2_4_2_0.golden.R2.fq 		-oa pipeline/reads/parent_2_4_2_0.golden.bam
[Thu Aug 14 17:51:42 2025]
Finished job 174.
33 of 177 steps (19%) done
Removing temporary output pipeline/reads/parent_2_4_2_0.golden.R1.fq.
Removing temporary output pipeline/reads/parent_2_4_2_0.golden.R2.fq.
Select jobs to execute...

[Thu Aug 14 17:51:42 2025]
rule SimulateReads:
    input: pipeline/ref/parent_1_renamed.0.fa
    output: pipeline/reads/parent_1_6_1_0.golden.R1.fq, pipeline/reads/parent_1_6_1_0.golden.R2.fq, pipeline/reads/parent_1_6_1_0.golden.bam
    jobid: 36
    reason: Missing output files: pipeline/reads/parent_1_6_1_0.golden.bam
    wildcards: indiv=parent_1, sim=6, iter=1, genome=0
    resources: tmpdir=/tmp, mem_mb=64000, mem_mib=61036, runtime=2880

mason_simulator 		--read-name-prefix "simulated_parent_1_6_1_0" 		--seed $RANDOM --num-threads 1 		-ir pipeline/ref/parent_1_renamed.0.fa 		--fragment-mean-size 400 		--fragment-size-std-dev 30 		--illumina-read-length 100 		-n 15625 		-o pipeline/reads/parent_1_6_1_0.golden.R1.fq 		-or pipeline/reads/parent_1_6_1_0.golden.R2.fq 		-oa pipeline/reads/parent_1_6_1_0.golden.bam
[Thu Aug 14 17:51:44 2025]
Finished job 36.
34 of 177 steps (19%) done
Removing temporary output pipeline/reads/parent_1_6_1_0.golden.R1.fq.
Removing temporary output pipeline/reads/parent_1_6_1_0.golden.R2.fq.
Select jobs to execute...

[Thu Aug 14 17:51:44 2025]
rule SimulateReads:
    input: pipeline/ref/parent_1_renamed.1.fa
    output: pipeline/reads/parent_1_8_1_1.golden.R1.fq, pipeline/reads/parent_1_8_1_1.golden.R2.fq, pipeline/reads/parent_1_8_1_1.golden.bam
    jobid: 41
    reason: Missing output files: pipeline/reads/parent_1_8_1_1.golden.bam
    wildcards: indiv=parent_1, sim=8, iter=1, genome=1
    resources: tmpdir=/tmp, mem_mb=64000, mem_mib=61036, runtime=2880

mason_simulator 		--read-name-prefix "simulated_parent_1_8_1_1" 		--seed $RANDOM --num-threads 1 		-ir pipeline/ref/parent_1_renamed.1.fa 		--fragment-mean-size 400 		--fragment-size-std-dev 30 		--illumina-read-length 100 		-n 15625 		-o pipeline/reads/parent_1_8_1_1.golden.R1.fq 		-or pipeline/reads/parent_1_8_1_1.golden.R2.fq 		-oa pipeline/reads/parent_1_8_1_1.golden.bam
[Thu Aug 14 17:51:45 2025]
Finished job 41.
35 of 177 steps (20%) done
Removing temporary output pipeline/reads/parent_1_8_1_1.golden.R1.fq.
Removing temporary output pipeline/reads/parent_1_8_1_1.golden.R2.fq.
Select jobs to execute...

[Thu Aug 14 17:51:45 2025]
rule SimulateReads:
    input: pipeline/ref/parent_2_renamed.0.fa
    output: pipeline/reads/parent_2_5_2_0.golden.R1.fq, pipeline/reads/parent_2_5_2_0.golden.R2.fq, pipeline/reads/parent_2_5_2_0.golden.bam
    jobid: 176
    reason: Missing output files: pipeline/reads/parent_2_5_2_0.golden.bam
    wildcards: indiv=parent_2, sim=5, iter=2, genome=0
    resources: tmpdir=/tmp, mem_mb=64000, mem_mib=61036, runtime=2880

mason_simulator 		--read-name-prefix "simulated_parent_2_5_2_0" 		--seed $RANDOM --num-threads 1 		-ir pipeline/ref/parent_2_renamed.0.fa 		--fragment-mean-size 400 		--fragment-size-std-dev 30 		--illumina-read-length 100 		-n 15625 		-o pipeline/reads/parent_2_5_2_0.golden.R1.fq 		-or pipeline/reads/parent_2_5_2_0.golden.R2.fq 		-oa pipeline/reads/parent_2_5_2_0.golden.bam
[Thu Aug 14 17:51:46 2025]
Finished job 176.
36 of 177 steps (20%) done
Removing temporary output pipeline/reads/parent_2_5_2_0.golden.R1.fq.
Removing temporary output pipeline/reads/parent_2_5_2_0.golden.R2.fq.
Select jobs to execute...

[Thu Aug 14 17:51:46 2025]
rule SimulateReads:
    input: pipeline/ref/child_renamed.0.fa
    output: pipeline/reads/child_4_2_0.golden.R1.fq, pipeline/reads/child_4_2_0.golden.R2.fq, pipeline/reads/child_4_2_0.golden.bam
    jobid: 200
    reason: Missing output files: pipeline/reads/child_4_2_0.golden.bam
    wildcards: indiv=child, sim=4, iter=2, genome=0
    resources: tmpdir=/tmp, mem_mb=64000, mem_mib=61036, runtime=2880

mason_simulator 		--read-name-prefix "simulated_child_4_2_0" 		--seed $RANDOM --num-threads 1 		-ir pipeline/ref/child_renamed.0.fa 		--fragment-mean-size 400 		--fragment-size-std-dev 30 		--illumina-read-length 100 		-n 18750 		-o pipeline/reads/child_4_2_0.golden.R1.fq 		-or pipeline/reads/child_4_2_0.golden.R2.fq 		-oa pipeline/reads/child_4_2_0.golden.bam
[Thu Aug 14 17:51:47 2025]
Finished job 200.
37 of 177 steps (21%) done
Removing temporary output pipeline/reads/child_4_2_0.golden.R1.fq.
Removing temporary output pipeline/reads/child_4_2_0.golden.R2.fq.
Select jobs to execute...

[Thu Aug 14 17:51:47 2025]
rule MergeGoldenBam:
    input: pipeline/reads/child_1_2_0.golden.bam, pipeline/reads/child_1_2_1.golden.bam, pipeline/reads/child_2_2_0.golden.bam, pipeline/reads/child_2_2_1.golden.bam, pipeline/reads/child_3_2_0.golden.bam, pipeline/reads/child_3_2_1.golden.bam, pipeline/reads/child_4_2_0.golden.bam, pipeline/reads/child_4_2_1.golden.bam, pipeline/reads/child_5_2_0.golden.bam, pipeline/reads/child_5_2_1.golden.bam, pipeline/reads/child_6_2_0.golden.bam, pipeline/reads/child_6_2_1.golden.bam, pipeline/reads/child_7_2_0.golden.bam, pipeline/reads/child_7_2_1.golden.bam, pipeline/reads/child_8_2_0.golden.bam, pipeline/reads/child_8_2_1.golden.bam
    output: pipeline/reads/child_2.golden.bam
    jobid: 193
    reason: Missing output files: pipeline/reads/child_2.golden.bam; Input files updated by another job: pipeline/reads/child_4_2_0.golden.bam, pipeline/reads/child_3_2_0.golden.bam, pipeline/reads/child_1_2_1.golden.bam, pipeline/reads/child_8_2_0.golden.bam
    wildcards: indiv=child, iter=2
    resources: tmpdir=/tmp, runtime=480

samtools merge 		-@ 1 		pipeline/reads/child_2.golden.bam 		 pipeline/reads/child_1_2_0.golden.bam   pipeline/reads/child_1_2_1.golden.bam   pipeline/reads/child_2_2_0.golden.bam   pipeline/reads/child_2_2_1.golden.bam   pipeline/reads/child_3_2_0.golden.bam   pipeline/reads/child_3_2_1.golden.bam   pipeline/reads/child_4_2_0.golden.bam   pipeline/reads/child_4_2_1.golden.bam   pipeline/reads/child_5_2_0.golden.bam   pipeline/reads/child_5_2_1.golden.bam   pipeline/reads/child_6_2_0.golden.bam   pipeline/reads/child_6_2_1.golden.bam   pipeline/reads/child_7_2_0.golden.bam   pipeline/reads/child_7_2_1.golden.bam   pipeline/reads/child_8_2_0.golden.bam   pipeline/reads/child_8_2_1.golden.bam 
[Thu Aug 14 17:51:52 2025]
Finished job 193.
38 of 177 steps (21%) done
Removing temporary output pipeline/reads/child_1_2_0.golden.bam.
Removing temporary output pipeline/reads/child_1_2_1.golden.bam.
Removing temporary output pipeline/reads/child_2_2_0.golden.bam.
Removing temporary output pipeline/reads/child_2_2_1.golden.bam.
Removing temporary output pipeline/reads/child_3_2_0.golden.bam.
Removing temporary output pipeline/reads/child_3_2_1.golden.bam.
Removing temporary output pipeline/reads/child_4_2_0.golden.bam.
Removing temporary output pipeline/reads/child_4_2_1.golden.bam.
Removing temporary output pipeline/reads/child_5_2_0.golden.bam.
Removing temporary output pipeline/reads/child_5_2_1.golden.bam.
Removing temporary output pipeline/reads/child_6_2_0.golden.bam.
Removing temporary output pipeline/reads/child_6_2_1.golden.bam.
Removing temporary output pipeline/reads/child_7_2_0.golden.bam.
Removing temporary output pipeline/reads/child_7_2_1.golden.bam.
Removing temporary output pipeline/reads/child_8_2_0.golden.bam.
Removing temporary output pipeline/reads/child_8_2_1.golden.bam.
Select jobs to execute...

[Thu Aug 14 17:51:52 2025]
rule MutateGoldenBam:
    input: pipeline/reads/child_2.golden.bam, pipeline/mutations/input_mutations.2.phased.reformatted.vcf
    output: pipeline/reads/child_2.golden.mutated.bam
    jobid: 192
    reason: Missing output files: pipeline/reads/child_2.golden.mutated.bam; Input files updated by another job: pipeline/reads/child_2.golden.bam
    wildcards: iter=2
    resources: tmpdir=/tmp, runtime=5760

jvarkit biostar404363 		-p pipeline/mutations/input_mutations.2.phased.reformatted.vcf 		-o pipeline/reads/child_2.golden.mutated.bam 		pipeline/reads/child_2.golden.bam
[Thu Aug 14 17:52:03 2025]
Finished job 192.
39 of 177 steps (22%) done
Removing temporary output pipeline/reads/child_2.golden.bam.
Select jobs to execute...

[Thu Aug 14 17:52:03 2025]
rule SamToFastq:
    input: pipeline/reads/child_2.golden.mutated.bam
    output: pipeline/reads/child_2.R1.fq, pipeline/reads/child_2.R2.fq
    jobid: 191
    reason: Missing output files: pipeline/reads/child_2.R1.fq, pipeline/reads/child_2.R2.fq; Input files updated by another job: pipeline/reads/child_2.golden.mutated.bam
    wildcards: indiv=child, iter=2
    resources: tmpdir=/tmp

gatk SamToFastq 		-I pipeline/reads/child_2.golden.mutated.bam 		-F pipeline/reads/child_2.R1.fq 		-F2 pipeline/reads/child_2.R2.fq
[Thu Aug 14 17:52:11 2025]
Finished job 191.
40 of 177 steps (23%) done
Removing temporary output pipeline/reads/child_2.golden.mutated.bam.
Select jobs to execute...

[Thu Aug 14 17:52:11 2025]
rule MapReads:
    input: /home/mmilhave/DETECT/demo/reference.fa, pipeline/reads/child_2.R1.fq, pipeline/reads/child_2.R2.fq
    output: pipeline/sorted_bams/child.2.bam
    jobid: 190
    reason: Forced execution
    wildcards: indiv=child, iter=2
    resources: tmpdir=/tmp, mem_mb=24000, mem_mib=22889, runtime=2880

bwa mem 		-t 1		-R "@RG\tID:child_2\tSM:child\tPL:ILLUMINA" 		/home/mmilhave/DETECT/demo/reference.fa 		pipeline/reads/child_2.R1.fq pipeline/reads/child_2.R2.fq 		| samtools view -b - > pipeline/sorted_bams/child.2.bam 
[Thu Aug 14 17:52:31 2025]
Finished job 190.
41 of 177 steps (23%) done
Removing temporary output pipeline/reads/child_2.R1.fq.
Removing temporary output pipeline/reads/child_2.R2.fq.
Select jobs to execute...

[Thu Aug 14 17:52:32 2025]
rule DownsampleBam:
    input: pipeline/sorted_bams/child.2.bam
    output: pipeline/sorted_bams/child.downsampled.2.bam
    jobid: 189
    reason: Missing output files: pipeline/sorted_bams/child.downsampled.2.bam; Input files updated by another job: pipeline/sorted_bams/child.2.bam
    wildcards: iter=2
    resources: tmpdir=/tmp, mem_mb=24000, mem_mib=22889, runtime=240

samtools view 		-@ 1 -b -s 0.83333333 		pipeline/sorted_bams/child.2.bam > pipeline/sorted_bams/child.downsampled.2.bam
[Thu Aug 14 17:52:35 2025]
Finished job 189.
42 of 177 steps (24%) done
Removing temporary output pipeline/sorted_bams/child.2.bam.
Select jobs to execute...

[Thu Aug 14 17:52:35 2025]
rule SortBam:
    input: pipeline/sorted_bams/child.downsampled.2.bam
    output: pipeline/sorted_bams/child.sorted.2.bam
    jobid: 188
    reason: Missing output files: pipeline/sorted_bams/child.sorted.2.bam; Input files updated by another job: pipeline/sorted_bams/child.downsampled.2.bam
    wildcards: indiv=child, iter=2
    resources: tmpdir=/tmp, mem_mb=1024, mem_mib=977, runtime=720

samtools sort -@ 1 pipeline/sorted_bams/child.downsampled.2.bam > pipeline/sorted_bams/child.sorted.2.bam
[Thu Aug 14 17:52:38 2025]
Finished job 188.
43 of 177 steps (24%) done
Removing temporary output pipeline/sorted_bams/child.downsampled.2.bam.
Select jobs to execute...

[Thu Aug 14 17:52:38 2025]
rule MarkDuplicates:
    input: pipeline/sorted_bams/child.sorted.2.bam
    output: pipeline/mark_dups/child.sorted.mark_dups.2.bam, pipeline/mark_dups/child.sorted.mark_dups.2.bai, pipeline/mark_dups/child.sorted.mark_dups.metrics.2.txt
    jobid: 187
    reason: Missing output files: pipeline/mark_dups/child.sorted.mark_dups.2.bam; Input files updated by another job: pipeline/sorted_bams/child.sorted.2.bam
    wildcards: indiv=child, iter=2
    resources: tmpdir=pipeline/mark_dups/, runtime=2880, mem_mb=122880, mem_mib=117188

gatk --java-options "-Xmx122880m" MarkDuplicates 		-I pipeline/sorted_bams/child.sorted.2.bam 		-O pipeline/mark_dups/child.sorted.mark_dups.2.bam 		-M pipeline/mark_dups/child.sorted.mark_dups.metrics.2.txt 		--TMP_DIR pipeline/mark_dups/ 		--CREATE_INDEX true
[Thu Aug 14 17:53:01 2025]
Error in rule MarkDuplicates:
    jobid: 187
    input: pipeline/sorted_bams/child.sorted.2.bam
    output: pipeline/mark_dups/child.sorted.mark_dups.2.bam, pipeline/mark_dups/child.sorted.mark_dups.2.bai, pipeline/mark_dups/child.sorted.mark_dups.metrics.2.txt
    shell:
        gatk --java-options "-Xmx122880m" MarkDuplicates 		-I pipeline/sorted_bams/child.sorted.2.bam 		-O pipeline/mark_dups/child.sorted.mark_dups.2.bam 		-M pipeline/mark_dups/child.sorted.mark_dups.metrics.2.txt 		--TMP_DIR pipeline/mark_dups/ 		--CREATE_INDEX true
        (one of the commands exited with non-zero exit code; note that snakemake uses bash strict mode!)

Shutting down, this might take some time.
Exiting because a job execution failed. Look above for error message
Complete log: ../.snakemake/log/2025-08-14T175057.980561.snakemake.log
